18.2171 	WARNING 	User requested fullscreen with size [3360 2100], but screen is actually [1680, 1050]. Using actual size
19.5767 	INFO 	Successfully set darwin thread to realtime
20.6409 	INFO 	#[ PsychoPy3 RuntimeInfoStart ]
  #[[ PsychoPy ]] #---------
    psychopyVersion: 3.0.7
    psychopyHaveExtRush: True
  #[[ Experiment ]] #---------
    experimentRunTime: 2019_04_26 12:01 (Year_Month_Day Hour:Min)
    experimentRunTime.epoch: 1556294508
    experimentScript: DualRSVPWithWordsAndLettersWithEyetrackingPython3.py
    experimentScript.digestSHA1: 463d03a8af8739e3acdf5fb631b3eed80b237a20
    experimentScript.directory: /Users/alexh/Documents/attention_tempresltn/letters_words/McCloskey_patient/RansleyExperimentWordsLettersRSVP/wordsLettersRSVP
  #[[ System ]] #---------
    systemHaveInternetAccess: True
    systemHostName: Alexs-MacBook-Pro.local
    systemLocale: C
    systemMemFreeRAM: 7843.14453125
    systemMemTotalRAM: 16384.0
    systemPlatform: darwin 10.14.4 x86_64
    systemPyoVersion: -
    systemRavailable: R version 3.5.1 (2018-07-02) -- Feather Spray
    systemRebooted: Apr 25 16:50
    systemSec.OpenSSLVersion: LibreSSL 2.6.5
    systemSec.pythonSSL: True
    systemTimeNumpySD1000000_sec: 0.0032
    systemUser: alex
    systemUserID: 502
    systemUsersCount: 1
  #[[ Window ]] #---------
    windowWinType: pyglet
    windowUnits: deg
    windowSize_pix: [3360 2100]
    windowScreen: 0
    windowRgb: [-0.7 -0.7 -0.7]
    windowRefreshTimeSD_ms: 0.548
    windowRefreshTimeMedian_ms: 16.777
    windowRefreshTimeAvg_ms: 16.645
    windowPos_pix: [0.0, 0.0]
    windowMonitor.name: testmonitor
    windowMonitor.getWidth_cm: 52.0
    windowMonitor.getDistance_cm: 57.0
    windowMonitor.currentCalibName: 2019_02_27 21:46
    windowIsFullScr: True
  #[[ Python ]] #---------
    pythonVersion: 3.6.1
  #[[ OpenGL ]] #---------
#[ PsychoPy3 RuntimeInfoEnd ]

20.8557 	EXP 	Created sequence: random, trialTypes=192, nReps=1, seed=None
20.9881 	EXP 	Created sequence: random, trialTypes=192, nReps=1, seed=None
20.9891 	EXP 	Created sequence: random, trialTypes=192, nReps=1, seed=None
20.9896 	EXP 	Created sequence: random, trialTypes=2, nReps=1, seed=None
20.9901 	EXP 	Created sequence: random, trialTypes=2, nReps=1, seed=None
20.9904 	INFO 	numtrials=192 and each trialDurFrames=378 or 6300.0 ms  task=T1
20.9984 	INFO 	Experiment will have 192 trials. Letters will be drawn with superposed noise of 0.00%
20.9984 	INFO 	Experiment will have 192 trials. Letters will be drawn with superposed noise of 0.00%
20.9984 	INFO 	Starting main (non-staircase) part of experiment
20.9987 	EXP 	New trial (rep=0, index=0): {'cueSerialPos': 7, 'rightResponseFirst': False, 'leftStreamFlip': False, 'rightStreamFlip': False, 'wordEccentricity': 5, 'bin': ['heat', 'chef', 'seat', 'bowl', 'wide', 'debt', 'rise', 'snow', 'moon', 'mess', 'bath', 'milk', 'fuel', 'hill', 'skin', 'duty', 'clue', 'wake', 'rule', 'kiss', 'note', 'fill', 'sick', 'bang', 'task', 'base', 'boss', 'plus', 'ride', 'mile', 'calm', 'hide', 'loss', 'neck', 'rare', 'feed', 'roof', 'pack', 'crew', 'wood', 'mail', 'lack', 'nose', 'trip', 'lift', 'rose', 'soft', 'hole', 'ship', 'tour', 'fund', 'lamb', 'blow', 'male'], 'hemifield': 1}
21.2273 	EXP 	Sound  set volume 0.800
21.2273 	EXP 	Sound  set volume 1.000
21.2274 	EXP 	Sound  set volume 0.800
28.9306 	EXP 	window1: recordFrameIntervals = False
28.9471 	ERROR 	trialnum=0 ERROR,1 frames were longer than 21.67 ms apparently screen refreshes skipped, interframe durs were:[56.5] and was these frames: [161]
28.9473 	INFO 	flankers also=[16.8 56.5  9.8]
30.0853 	DATA 	Keypress: m
30.5650 	DATA 	Keypress: return
31.0820 	DATA 	Keypress: r
31.5655 	DATA 	Keypress: return
32.0699 	EXP 	New trial (rep=0, index=1): {'cueSerialPos': 10, 'rightResponseFirst': True, 'leftStreamFlip': False, 'rightStreamFlip': False, 'wordEccentricity': 5, 'bin': ['weak', 'fate', 'worn', 'heir', 'bake', 'vase', 'wire', 'pure', 'rope', 'seal', 'babe', 'seed', 'mill', 'dust', 'chap', 'belt', 'core', 'claw', 'aunt', 'hook', 'ding', 'soil', 'harm', 'flog', 'gear', 'pole', 'chip', 'hung', 'buzz', 'leaf', 'slip', 'tale', 'knee', 'flow', 'drew', 'dive', 'shed', 'duke', 'barn', 'ward', 'peak', 'coal', 'gate', 'deer', 'posh', 'bull', 'pipe', 'gang', 'cell', 'menu', 'loan', 'folk', 'tube', 'damp'], 'hemifield': 1}
32.2750 	EXP 	Sound  set volume 0.800
32.2750 	EXP 	Sound  set volume 1.000
32.2751 	EXP 	Sound  set volume 0.800
39.8471 	EXP 	window1: recordFrameIntervals = False
40.6658 	DATA 	Keypress: p
41.3471 	DATA 	Keypress: return
41.8492 	DATA 	Keypress: k
42.1977 	DATA 	Keypress: return
42.7014 	EXP 	New trial (rep=0, index=2): {'cueSerialPos': 7, 'rightResponseFirst': False, 'leftStreamFlip': False, 'rightStreamFlip': False, 'wordEccentricity': 5, 'bin': ['weak', 'fate', 'worn', 'heir', 'bake', 'vase', 'wire', 'pure', 'rope', 'seal', 'babe', 'seed', 'mill', 'dust', 'chap', 'belt', 'core', 'claw', 'aunt', 'hook', 'ding', 'soil', 'harm', 'flog', 'gear', 'pole', 'chip', 'hung', 'buzz', 'leaf', 'slip', 'tale', 'knee', 'flow', 'drew', 'dive', 'shed', 'duke', 'barn', 'ward', 'peak', 'coal', 'gate', 'deer', 'posh', 'bull', 'pipe', 'gang', 'cell', 'menu', 'loan', 'folk', 'tube', 'damp'], 'hemifield': 1}
42.9074 	EXP 	Sound  set volume 0.800
42.9074 	EXP 	Sound  set volume 1.000
42.9075 	EXP 	Sound  set volume 0.800
50.4309 	EXP 	window1: recordFrameIntervals = False
51.4813 	DATA 	Keypress: i
53.2309 	DATA 	Keypress: return
53.7482 	DATA 	Keypress: u
54.1973 	DATA 	Keypress: return
54.7015 	EXP 	New trial (rep=0, index=3): {'cueSerialPos': 11, 'rightResponseFirst': False, 'leftStreamFlip': False, 'rightStreamFlip': False, 'wordEccentricity': 5, 'bin': ['cope', 'lane', 'loud', 'sake', 'joke', 'mass', 'duck', 'path', 'fake', 'bomb', 'tall', 'load', 'tune', 'sand', 'camp', 'fail', 'zone', 'golf', 'mood', 'vast', 'beef', 'cast', 'soup', 'coat', 'grew', 'beer', 'quiz', 'boom', 'bone', 'spin', 'tail', 'wave', 'wing', 'pool', 'wise', 'gift', 'bite', 'thin', 'code', 'page', 'wash', 'lake', 'drug', 'rent', 'meal', 'swim', 'grab', 'suit', 'soul', 'flag', 'bond', 'port', 'firm', 'rice'], 'hemifield': -1}
54.9071 	EXP 	Sound  set volume 0.800
54.9071 	EXP 	Sound  set volume 1.000
54.9072 	EXP 	Sound  set volume 0.800
62.4308 	EXP 	window1: recordFrameIntervals = False
63.5986 	DATA 	Keypress: u
64.9310 	DATA 	Keypress: return
65.4646 	DATA 	Keypress: h
66.2649 	DATA 	Keypress: return
66.7690 	EXP 	New trial (rep=0, index=4): {'cueSerialPos': 12, 'rightResponseFirst': False, 'leftStreamFlip': False, 'rightStreamFlip': False, 'wordEccentricity': 5, 'bin': ['weak', 'fate', 'worn', 'heir', 'bake', 'vase', 'wire', 'pure', 'rope', 'seal', 'babe', 'seed', 'mill', 'dust', 'chap', 'belt', 'core', 'claw', 'aunt', 'hook', 'ding', 'soil', 'harm', 'flog', 'gear', 'pole', 'chip', 'hung', 'buzz', 'leaf', 'slip', 'tale', 'knee', 'flow', 'drew', 'dive', 'shed', 'duke', 'barn', 'ward', 'peak', 'coal', 'gate', 'deer', 'posh', 'bull', 'pipe', 'gang', 'cell', 'menu', 'loan', 'folk', 'tube', 'damp'], 'hemifield': 1}
66.9571 	EXP 	Sound  set volume 0.800
66.9571 	EXP 	Sound  set volume 1.000
66.9571 	EXP 	Sound  set volume 0.800
74.6640 	EXP 	window1: recordFrameIntervals = False
75.4489 	DATA 	Keypress: o
76.3138 	DATA 	Keypress: return
76.6989 	DATA 	Keypress: x
77.0983 	DATA 	Keypress: return
77.6165 	EXP 	New trial (rep=0, index=5): {'cueSerialPos': 10, 'rightResponseFirst': False, 'leftStreamFlip': False, 'rightStreamFlip': False, 'wordEccentricity': 5, 'bin': ['peel', 'bend', 'quit', 'whip', 'rang', 'muck', 'mild', 'cage', 'beep', 'skip', 'snap', 'sail', 'shoe', 'twin', 'bass', 'raid', 'tray', 'doll', 'loft', 'flip', 'hire', 'wolf', 'mint', 'tone', 'lazy', 'bust', 'pity', 'cent', 'hoot', 'lean', 'grip', 'crop', 'goat', 'herd', 'gulf', 'wool', 'coin', 'poll', 'lamp', 'foul', 'mask', 'woof', 'blew', 'roar', 'tick', 'frog', 'jazz', 'lump', 'stir', 'tart', 'glue', 'horn', 'soap', 'drag'], 'hemifield': -1}
77.8073 	EXP 	Sound  set volume 0.800
77.8074 	EXP 	Sound  set volume 1.000
77.8074 	EXP 	Sound  set volume 0.800
85.7134 	EXP 	window1: recordFrameIntervals = False
86.4299 	DATA 	Keypress: n
86.9135 	DATA 	Keypress: return
87.3314 	DATA 	Keypress: x
87.6970 	DATA 	Keypress: return
88.2098 	EXP 	New trial (rep=0, index=6): {'cueSerialPos': 6, 'rightResponseFirst': False, 'leftStreamFlip': False, 'rightStreamFlip': False, 'wordEccentricity': 5, 'bin': ['boat', 'foot', 'site', 'jump', 'pair', 'ring', 'list', 'cake', 'sale', 'farm', 'post', 'send', 'dish', 'drop', 'self', 'role', 'kick', 'card', 'shut', 'pain', 'roll', 'band', 'fear', 'none', 'grow', 'date', 'dark', 'hall', 'deep', 'bird', 'hurt', 'flat', 'wine', 'cash', 'slow', 'rich', 'type', 'fell', 'pull', 'till', 'tree', 'sign', 'warm', 'goal', 'keen', 'sing', 'wear', 'push', 'bear', 'wild', 'glad', 'draw', 'rate', 'hang'], 'hemifield': 1}
88.4072 	EXP 	Sound  set volume 0.800
88.4072 	EXP 	Sound  set volume 1.000
88.4073 	EXP 	Sound  set volume 0.800
96.2459 	EXP 	window1: recordFrameIntervals = False
96.9152 	DATA 	Keypress: r
98.3645 	DATA 	Keypress: return
98.7640 	DATA 	Keypress: h
99.2797 	DATA 	Keypress: return
99.7832 	EXP 	New trial (rep=0, index=7): {'cueSerialPos': 8, 'rightResponseFirst': False, 'leftStreamFlip': False, 'rightStreamFlip': False, 'wordEccentricity': 5, 'bin': ['land', 'size', 'save', 'race', 'born', 'pass', 'lord', 'wish', 'rock', 'cold', 'safe', 'seem', 'test', 'rain', 'gold', 'fish', 'club', 'walk', 'view', 'hour', 'mine', 'cool', 'star', 'nine', 'main', 'felt', 'dear', 'read', 'join', 'poor', 'wall', 'term', 'park', 'wife', 'near', 'song', 'lead', 'fast', 'beat', 'cook', 'cost', 'blue', 'sent', 'fire', 'king', 'step', 'fair', 'form', 'east', 'fall', 'hair', 'vote', 'feet', 'shop'], 'hemifield': 1}
99.9735 	EXP 	Sound  set volume 0.800
99.9735 	EXP 	Sound  set volume 1.000
99.9736 	EXP 	Sound  set volume 0.800
107.4124 	EXP 	window1: recordFrameIntervals = False
108.0649 	DATA 	Keypress: t
109.0639 	DATA 	Keypress: return
109.4810 	DATA 	Keypress: j
110.1975 	DATA 	Keypress: return
110.7016 	EXP 	New trial (rep=0, index=8): {'cueSerialPos': 8, 'rightResponseFirst': False, 'leftStreamFlip': False, 'rightStreamFlip': False, 'wordEccentricity': 5, 'bin': ['boat', 'foot', 'site', 'jump', 'pair', 'ring', 'list', 'cake', 'sale', 'farm', 'post', 'send', 'dish', 'drop', 'self', 'role', 'kick', 'card', 'shut', 'pain', 'roll', 'band', 'fear', 'none', 'grow', 'date', 'dark', 'hall', 'deep', 'bird', 'hurt', 'flat', 'wine', 'cash', 'slow', 'rich', 'type', 'fell', 'pull', 'till', 'tree', 'sign', 'warm', 'goal', 'keen', 'sing', 'wear', 'push', 'bear', 'wild', 'glad', 'draw', 'rate', 'hang'], 'hemifield': 1}
110.8895 	EXP 	Sound  set volume 0.800
110.8895 	EXP 	Sound  set volume 1.000
110.8895 	EXP 	Sound  set volume 0.800
118.3953 	EXP 	window1: recordFrameIntervals = False
119.0320 	DATA 	Keypress: z
119.4968 	DATA 	Keypress: return
119.9311 	DATA 	Keypress: i
120.4462 	DATA 	Keypress: return
120.9503 	EXP 	New trial (rep=0, index=9): {'cueSerialPos': 5, 'rightResponseFirst': False, 'leftStreamFlip': False, 'rightStreamFlip': False, 'wordEccentricity': 5, 'bin': ['land', 'size', 'save', 'race', 'born', 'pass', 'lord', 'wish', 'rock', 'cold', 'safe', 'seem', 'test', 'rain', 'gold', 'fish', 'club', 'walk', 'view', 'hour', 'mine', 'cool', 'star', 'nine', 'main', 'felt', 'dear', 'read', 'join', 'poor', 'wall', 'term', 'park', 'wife', 'near', 'song', 'lead', 'fast', 'beat', 'cook', 'cost', 'blue', 'sent', 'fire', 'king', 'step', 'fair', 'form', 'east', 'fall', 'hair', 'vote', 'feet', 'shop'], 'hemifield': -1}
121.1390 	EXP 	Sound  set volume 0.800
121.1390 	EXP 	Sound  set volume 1.000
121.1391 	EXP 	Sound  set volume 0.800
128.6298 	EXP 	window1: recordFrameIntervals = False
129.4641 	DATA 	Keypress: w
130.6626 	DATA 	Keypress: return
131.0140 	DATA 	Keypress: h
131.4968 	DATA 	Keypress: return
131.4980 	WARNING 	Response was not present in the stimulus stream
132.0006 	EXP 	New trial (rep=0, index=10): {'cueSerialPos': 7, 'rightResponseFirst': True, 'leftStreamFlip': False, 'rightStreamFlip': False, 'wordEccentricity': 5, 'bin': ['cope', 'lane', 'loud', 'sake', 'joke', 'mass', 'duck', 'path', 'fake', 'bomb', 'tall', 'load', 'tune', 'sand', 'camp', 'fail', 'zone', 'golf', 'mood', 'vast', 'beef', 'cast', 'soup', 'coat', 'grew', 'beer', 'quiz', 'boom', 'bone', 'spin', 'tail', 'wave', 'wing', 'pool', 'wise', 'gift', 'bite', 'thin', 'code', 'page', 'wash', 'lake', 'drug', 'rent', 'meal', 'swim', 'grab', 'suit', 'soul', 'flag', 'bond', 'port', 'firm', 'rice'], 'hemifield': -1}
132.1894 	EXP 	Sound  set volume 0.800
132.1894 	EXP 	Sound  set volume 1.000
132.1895 	EXP 	Sound  set volume 0.800
139.7457 	EXP 	window1: recordFrameIntervals = False
141.7470 	DATA 	Keypress: k
142.9134 	DATA 	Keypress: return
143.2300 	DATA 	Keypress: h
144.4973 	DATA 	Keypress: return
145.0007 	EXP 	New trial (rep=0, index=11): {'cueSerialPos': 8, 'rightResponseFirst': False, 'leftStreamFlip': False, 'rightStreamFlip': False, 'wordEccentricity': 5, 'bin': ['weak', 'fate', 'worn', 'heir', 'bake', 'vase', 'wire', 'pure', 'rope', 'seal', 'babe', 'seed', 'mill', 'dust', 'chap', 'belt', 'core', 'claw', 'aunt', 'hook', 'ding', 'soil', 'harm', 'flog', 'gear', 'pole', 'chip', 'hung', 'buzz', 'leaf', 'slip', 'tale', 'knee', 'flow', 'drew', 'dive', 'shed', 'duke', 'barn', 'ward', 'peak', 'coal', 'gate', 'deer', 'posh', 'bull', 'pipe', 'gang', 'cell', 'menu', 'loan', 'folk', 'tube', 'damp'], 'hemifield': 1}
145.1900 	EXP 	Sound  set volume 0.800
145.1900 	EXP 	Sound  set volume 1.000
145.1901 	EXP 	Sound  set volume 0.800
152.6115 	EXP 	window1: recordFrameIntervals = False
153.0808 	DATA 	Keypress: c
154.4297 	DATA 	Keypress: return
155.8978 	DATA 	Keypress: h
156.3302 	DATA 	Keypress: return
156.8435 	EXP 	New trial (rep=0, index=12): {'cueSerialPos': 10, 'rightResponseFirst': False, 'leftStreamFlip': False, 'rightStreamFlip': False, 'wordEccentricity': 5, 'bin': ['land', 'size', 'save', 'race', 'born', 'pass', 'lord', 'wish', 'rock', 'cold', 'safe', 'seem', 'test', 'rain', 'gold', 'fish', 'club', 'walk', 'view', 'hour', 'mine', 'cool', 'star', 'nine', 'main', 'felt', 'dear', 'read', 'join', 'poor', 'wall', 'term', 'park', 'wife', 'near', 'song', 'lead', 'fast', 'beat', 'cook', 'cost', 'blue', 'sent', 'fire', 'king', 'step', 'fair', 'form', 'east', 'fall', 'hair', 'vote', 'feet', 'shop'], 'hemifield': 1}
157.0384 	EXP 	Sound  set volume 0.800
157.0384 	EXP 	Sound  set volume 1.000
157.0385 	EXP 	Sound  set volume 0.800
164.6777 	EXP 	window1: recordFrameIntervals = False
165.6299 	DATA 	Keypress: d
166.4795 	DATA 	Keypress: return
166.8137 	DATA 	Keypress: u
167.2636 	DATA 	Keypress: return
167.7671 	EXP 	New trial (rep=0, index=13): {'cueSerialPos': 7, 'rightResponseFirst': False, 'leftStreamFlip': False, 'rightStreamFlip': False, 'wordEccentricity': 5, 'bin': ['cope', 'lane', 'loud', 'sake', 'joke', 'mass', 'duck', 'path', 'fake', 'bomb', 'tall', 'load', 'tune', 'sand', 'camp', 'fail', 'zone', 'golf', 'mood', 'vast', 'beef', 'cast', 'soup', 'coat', 'grew', 'beer', 'quiz', 'boom', 'bone', 'spin', 'tail', 'wave', 'wing', 'pool', 'wise', 'gift', 'bite', 'thin', 'code', 'page', 'wash', 'lake', 'drug', 'rent', 'meal', 'swim', 'grab', 'suit', 'soul', 'flag', 'bond', 'port', 'firm', 'rice'], 'hemifield': 1}
167.9557 	EXP 	Sound  set volume 0.800
167.9557 	EXP 	Sound  set volume 1.000
167.9557 	EXP 	Sound  set volume 0.800
175.4288 	EXP 	window1: recordFrameIntervals = False
176.1633 	DATA 	Keypress: p
176.6631 	DATA 	Keypress: return
176.9801 	DATA 	Keypress: v
177.3796 	DATA 	Keypress: return
177.8925 	EXP 	New trial (rep=0, index=14): {'cueSerialPos': 11, 'rightResponseFirst': False, 'leftStreamFlip': False, 'rightStreamFlip': False, 'wordEccentricity': 5, 'bin': ['peel', 'bend', 'quit', 'whip', 'rang', 'muck', 'mild', 'cage', 'beep', 'skip', 'snap', 'sail', 'shoe', 'twin', 'bass', 'raid', 'tray', 'doll', 'loft', 'flip', 'hire', 'wolf', 'mint', 'tone', 'lazy', 'bust', 'pity', 'cent', 'hoot', 'lean', 'grip', 'crop', 'goat', 'herd', 'gulf', 'wool', 'coin', 'poll', 'lamp', 'foul', 'mask', 'woof', 'blew', 'roar', 'tick', 'frog', 'jazz', 'lump', 'stir', 'tart', 'glue', 'horn', 'soap', 'drag'], 'hemifield': -1}
178.0897 	EXP 	Sound  set volume 0.800
178.0897 	EXP 	Sound  set volume 1.000
178.0898 	EXP 	Sound  set volume 0.800
185.5283 	EXP 	window1: recordFrameIntervals = False
186.6308 	DATA 	Keypress: z
187.3962 	DATA 	Keypress: return
187.8810 	DATA 	Keypress: w
188.4463 	DATA 	Keypress: return
188.9498 	EXP 	New trial (rep=0, index=15): {'cueSerialPos': 8, 'rightResponseFirst': False, 'leftStreamFlip': False, 'rightStreamFlip': False, 'wordEccentricity': 5, 'bin': ['cope', 'lane', 'loud', 'sake', 'joke', 'mass', 'duck', 'path', 'fake', 'bomb', 'tall', 'load', 'tune', 'sand', 'camp', 'fail', 'zone', 'golf', 'mood', 'vast', 'beef', 'cast', 'soup', 'coat', 'grew', 'beer', 'quiz', 'boom', 'bone', 'spin', 'tail', 'wave', 'wing', 'pool', 'wise', 'gift', 'bite', 'thin', 'code', 'page', 'wash', 'lake', 'drug', 'rent', 'meal', 'swim', 'grab', 'suit', 'soul', 'flag', 'bond', 'port', 'firm', 'rice'], 'hemifield': -1}
189.1385 	EXP 	Sound  set volume 0.800
189.1385 	EXP 	Sound  set volume 1.000
189.1385 	EXP 	Sound  set volume 0.800
196.8447 	EXP 	window1: recordFrameIntervals = False
197.5139 	DATA 	Keypress: c
197.9291 	DATA 	Keypress: return
198.3306 	DATA 	Keypress: w
198.8959 	DATA 	Keypress: return
199.3999 	EXP 	New trial (rep=0, index=16): {'cueSerialPos': 9, 'rightResponseFirst': False, 'leftStreamFlip': False, 'rightStreamFlip': False, 'wordEccentricity': 5, 'bin': ['land', 'size', 'save', 'race', 'born', 'pass', 'lord', 'wish', 'rock', 'cold', 'safe', 'seem', 'test', 'rain', 'gold', 'fish', 'club', 'walk', 'view', 'hour', 'mine', 'cool', 'star', 'nine', 'main', 'felt', 'dear', 'read', 'join', 'poor', 'wall', 'term', 'park', 'wife', 'near', 'song', 'lead', 'fast', 'beat', 'cook', 'cost', 'blue', 'sent', 'fire', 'king', 'step', 'fair', 'form', 'east', 'fall', 'hair', 'vote', 'feet', 'shop'], 'hemifield': -1}
199.5884 	EXP 	Sound  set volume 0.800
199.5884 	EXP 	Sound  set volume 1.000
199.5884 	EXP 	Sound  set volume 0.800
207.0123 	EXP 	window1: recordFrameIntervals = False
207.8118 	DATA 	Keypress: e
208.6796 	DATA 	Keypress: return
209.1792 	DATA 	Keypress: i
210.1293 	DATA 	Keypress: return
210.6424 	EXP 	New trial (rep=0, index=17): {'cueSerialPos': 10, 'rightResponseFirst': False, 'leftStreamFlip': False, 'rightStreamFlip': False, 'wordEccentricity': 5, 'bin': ['boat', 'foot', 'site', 'jump', 'pair', 'ring', 'list', 'cake', 'sale', 'farm', 'post', 'send', 'dish', 'drop', 'self', 'role', 'kick', 'card', 'shut', 'pain', 'roll', 'band', 'fear', 'none', 'grow', 'date', 'dark', 'hall', 'deep', 'bird', 'hurt', 'flat', 'wine', 'cash', 'slow', 'rich', 'type', 'fell', 'pull', 'till', 'tree', 'sign', 'warm', 'goal', 'keen', 'sing', 'wear', 'push', 'bear', 'wild', 'glad', 'draw', 'rate', 'hang'], 'hemifield': -1}
210.8388 	EXP 	Sound  set volume 0.800
210.8389 	EXP 	Sound  set volume 1.000
210.8389 	EXP 	Sound  set volume 0.800
218.3277 	EXP 	window1: recordFrameIntervals = False
219.3297 	DATA 	Keypress: o
219.8297 	DATA 	Keypress: return
220.7283 	DATA 	Keypress: z
221.4458 	DATA 	Keypress: return
221.9493 	EXP 	New trial (rep=0, index=18): {'cueSerialPos': 7, 'rightResponseFirst': False, 'leftStreamFlip': False, 'rightStreamFlip': False, 'wordEccentricity': 5, 'bin': ['boat', 'foot', 'site', 'jump', 'pair', 'ring', 'list', 'cake', 'sale', 'farm', 'post', 'send', 'dish', 'drop', 'self', 'role', 'kick', 'card', 'shut', 'pain', 'roll', 'band', 'fear', 'none', 'grow', 'date', 'dark', 'hall', 'deep', 'bird', 'hurt', 'flat', 'wine', 'cash', 'slow', 'rich', 'type', 'fell', 'pull', 'till', 'tree', 'sign', 'warm', 'goal', 'keen', 'sing', 'wear', 'push', 'bear', 'wild', 'glad', 'draw', 'rate', 'hang'], 'hemifield': -1}
222.1383 	EXP 	Sound  set volume 0.800
222.1383 	EXP 	Sound  set volume 1.000
222.1384 	EXP 	Sound  set volume 0.800
229.8622 	EXP 	window1: recordFrameIntervals = False
230.5458 	DATA 	Keypress: d
231.2457 	DATA 	Keypress: return
231.6132 	DATA 	Keypress: s
232.1796 	DATA 	Keypress: return
232.6837 	EXP 	New trial (rep=0, index=19): {'cueSerialPos': 11, 'rightResponseFirst': True, 'leftStreamFlip': False, 'rightStreamFlip': False, 'wordEccentricity': 5, 'bin': ['boat', 'foot', 'site', 'jump', 'pair', 'ring', 'list', 'cake', 'sale', 'farm', 'post', 'send', 'dish', 'drop', 'self', 'role', 'kick', 'card', 'shut', 'pain', 'roll', 'band', 'fear', 'none', 'grow', 'date', 'dark', 'hall', 'deep', 'bird', 'hurt', 'flat', 'wine', 'cash', 'slow', 'rich', 'type', 'fell', 'pull', 'till', 'tree', 'sign', 'warm', 'goal', 'keen', 'sing', 'wear', 'push', 'bear', 'wild', 'glad', 'draw', 'rate', 'hang'], 'hemifield': 1}
232.8882 	EXP 	Sound  set volume 0.800
232.8882 	EXP 	Sound  set volume 1.000
232.8883 	EXP 	Sound  set volume 0.800
240.3939 	EXP 	window1: recordFrameIntervals = False
241.5283 	DATA 	Keypress: o
242.2122 	DATA 	Keypress: return
242.6631 	DATA 	Keypress: i
243.5128 	DATA 	Keypress: return
244.0256 	EXP 	New trial (rep=0, index=20): {'cueSerialPos': 12, 'rightResponseFirst': False, 'leftStreamFlip': False, 'rightStreamFlip': False, 'wordEccentricity': 5, 'bin': ['weak', 'fate', 'worn', 'heir', 'bake', 'vase', 'wire', 'pure', 'rope', 'seal', 'babe', 'seed', 'mill', 'dust', 'chap', 'belt', 'core', 'claw', 'aunt', 'hook', 'ding', 'soil', 'harm', 'flog', 'gear', 'pole', 'chip', 'hung', 'buzz', 'leaf', 'slip', 'tale', 'knee', 'flow', 'drew', 'dive', 'shed', 'duke', 'barn', 'ward', 'peak', 'coal', 'gate', 'deer', 'posh', 'bull', 'pipe', 'gang', 'cell', 'menu', 'loan', 'folk', 'tube', 'damp'], 'hemifield': -1}
244.2221 	EXP 	Sound  set volume 0.800
244.2221 	EXP 	Sound  set volume 1.000
244.2222 	EXP 	Sound  set volume 0.800
252.0276 	EXP 	window1: recordFrameIntervals = False
253.0459 	DATA 	Keypress: z
253.6961 	DATA 	Keypress: return
253.9953 	DATA 	Keypress: h
254.5445 	DATA 	Keypress: return
255.0484 	EXP 	New trial (rep=0, index=21): {'cueSerialPos': 8, 'rightResponseFirst': False, 'leftStreamFlip': False, 'rightStreamFlip': False, 'wordEccentricity': 5, 'bin': ['heat', 'chef', 'seat', 'bowl', 'wide', 'debt', 'rise', 'snow', 'moon', 'mess', 'bath', 'milk', 'fuel', 'hill', 'skin', 'duty', 'clue', 'wake', 'rule', 'kiss', 'note', 'fill', 'sick', 'bang', 'task', 'base', 'boss', 'plus', 'ride', 'mile', 'calm', 'hide', 'loss', 'neck', 'rare', 'feed', 'roof', 'pack', 'crew', 'wood', 'mail', 'lack', 'nose', 'trip', 'lift', 'rose', 'soft', 'hole', 'ship', 'tour', 'fund', 'lamb', 'blow', 'male'], 'hemifield': 1}
255.2378 	EXP 	Sound  set volume 0.800
255.2378 	EXP 	Sound  set volume 1.000
255.2379 	EXP 	Sound  set volume 0.800
262.8950 	EXP 	window1: recordFrameIntervals = False
263.5620 	DATA 	Keypress: m
264.6614 	DATA 	Keypress: return
265.1287 	DATA 	Keypress: h
265.8439 	DATA 	Keypress: return
266.3463 	EXP 	New trial (rep=0, index=22): {'cueSerialPos': 6, 'rightResponseFirst': True, 'leftStreamFlip': False, 'rightStreamFlip': False, 'wordEccentricity': 5, 'bin': ['land', 'size', 'save', 'race', 'born', 'pass', 'lord', 'wish', 'rock', 'cold', 'safe', 'seem', 'test', 'rain', 'gold', 'fish', 'club', 'walk', 'view', 'hour', 'mine', 'cool', 'star', 'nine', 'main', 'felt', 'dear', 'read', 'join', 'poor', 'wall', 'term', 'park', 'wife', 'near', 'song', 'lead', 'fast', 'beat', 'cook', 'cost', 'blue', 'sent', 'fire', 'king', 'step', 'fair', 'form', 'east', 'fall', 'hair', 'vote', 'feet', 'shop'], 'hemifield': -1}
266.5379 	EXP 	Sound  set volume 0.800
266.5380 	EXP 	Sound  set volume 1.000
266.5380 	EXP 	Sound  set volume 0.800
274.1430 	EXP 	window1: recordFrameIntervals = False
274.9461 	DATA 	Keypress: i
275.4620 	DATA 	Keypress: return
275.8284 	DATA 	Keypress: c
276.2278 	DATA 	Keypress: return
276.7399 	EXP 	New trial (rep=0, index=23): {'cueSerialPos': 12, 'rightResponseFirst': True, 'leftStreamFlip': False, 'rightStreamFlip': False, 'wordEccentricity': 5, 'bin': ['cope', 'lane', 'loud', 'sake', 'joke', 'mass', 'duck', 'path', 'fake', 'bomb', 'tall', 'load', 'tune', 'sand', 'camp', 'fail', 'zone', 'golf', 'mood', 'vast', 'beef', 'cast', 'soup', 'coat', 'grew', 'beer', 'quiz', 'boom', 'bone', 'spin', 'tail', 'wave', 'wing', 'pool', 'wise', 'gift', 'bite', 'thin', 'code', 'page', 'wash', 'lake', 'drug', 'rent', 'meal', 'swim', 'grab', 'suit', 'soul', 'flag', 'bond', 'port', 'firm', 'rice'], 'hemifield': -1}
276.9377 	EXP 	Sound  set volume 0.800
276.9377 	EXP 	Sound  set volume 1.000
276.9378 	EXP 	Sound  set volume 0.800
284.8269 	EXP 	window1: recordFrameIntervals = False
285.6788 	DATA 	Keypress: w
286.1111 	DATA 	Keypress: return
286.4960 	DATA 	Keypress: j
286.7775 	DATA 	Keypress: return
287.2807 	EXP 	New trial (rep=0, index=24): {'cueSerialPos': 11, 'rightResponseFirst': True, 'leftStreamFlip': False, 'rightStreamFlip': False, 'wordEccentricity': 5, 'bin': ['heat', 'chef', 'seat', 'bowl', 'wide', 'debt', 'rise', 'snow', 'moon', 'mess', 'bath', 'milk', 'fuel', 'hill', 'skin', 'duty', 'clue', 'wake', 'rule', 'kiss', 'note', 'fill', 'sick', 'bang', 'task', 'base', 'boss', 'plus', 'ride', 'mile', 'calm', 'hide', 'loss', 'neck', 'rare', 'feed', 'roof', 'pack', 'crew', 'wood', 'mail', 'lack', 'nose', 'trip', 'lift', 'rose', 'soft', 'hole', 'ship', 'tour', 'fund', 'lamb', 'blow', 'male'], 'hemifield': -1}
287.4714 	EXP 	Sound  set volume 0.800
287.4714 	EXP 	Sound  set volume 1.000
287.4715 	EXP 	Sound  set volume 0.800
295.0113 	EXP 	window1: recordFrameIntervals = False
296.5616 	DATA 	Keypress: v
297.1449 	DATA 	Keypress: return
297.4959 	DATA 	Keypress: s
297.8618 	DATA 	Keypress: return
298.3736 	EXP 	New trial (rep=0, index=25): {'cueSerialPos': 12, 'rightResponseFirst': True, 'leftStreamFlip': False, 'rightStreamFlip': False, 'wordEccentricity': 5, 'bin': ['weak', 'fate', 'worn', 'heir', 'bake', 'vase', 'wire', 'pure', 'rope', 'seal', 'babe', 'seed', 'mill', 'dust', 'chap', 'belt', 'core', 'claw', 'aunt', 'hook', 'ding', 'soil', 'harm', 'flog', 'gear', 'pole', 'chip', 'hung', 'buzz', 'leaf', 'slip', 'tale', 'knee', 'flow', 'drew', 'dive', 'shed', 'duke', 'barn', 'ward', 'peak', 'coal', 'gate', 'deer', 'posh', 'bull', 'pipe', 'gang', 'cell', 'menu', 'loan', 'folk', 'tube', 'damp'], 'hemifield': -1}
298.5713 	EXP 	Sound  set volume 0.800
298.5713 	EXP 	Sound  set volume 1.000
298.5714 	EXP 	Sound  set volume 0.800
306.4089 	EXP 	window1: recordFrameIntervals = False
308.0953 	DATA 	Keypress: w
309.0265 	DATA 	Keypress: return
309.3954 	DATA 	Keypress: f
309.7451 	DATA 	Keypress: return
310.2492 	EXP 	New trial (rep=0, index=26): {'cueSerialPos': 5, 'rightResponseFirst': False, 'leftStreamFlip': False, 'rightStreamFlip': False, 'wordEccentricity': 5, 'bin': ['weak', 'fate', 'worn', 'heir', 'bake', 'vase', 'wire', 'pure', 'rope', 'seal', 'babe', 'seed', 'mill', 'dust', 'chap', 'belt', 'core', 'claw', 'aunt', 'hook', 'ding', 'soil', 'harm', 'flog', 'gear', 'pole', 'chip', 'hung', 'buzz', 'leaf', 'slip', 'tale', 'knee', 'flow', 'drew', 'dive', 'shed', 'duke', 'barn', 'ward', 'peak', 'coal', 'gate', 'deer', 'posh', 'bull', 'pipe', 'gang', 'cell', 'menu', 'loan', 'folk', 'tube', 'damp'], 'hemifield': 1}
310.4377 	EXP 	Sound  set volume 0.800
310.4377 	EXP 	Sound  set volume 1.000
310.4377 	EXP 	Sound  set volume 0.800
318.0608 	EXP 	window1: recordFrameIntervals = False
318.7459 	DATA 	Keypress: a
319.4611 	DATA 	Keypress: return
319.9782 	DATA 	Keypress: o
320.6442 	DATA 	Keypress: return
320.6456 	WARNING 	Response was not present in the stimulus stream
321.1479 	EXP 	New trial (rep=0, index=27): {'cueSerialPos': 8, 'rightResponseFirst': False, 'leftStreamFlip': False, 'rightStreamFlip': False, 'wordEccentricity': 5, 'bin': ['cope', 'lane', 'loud', 'sake', 'joke', 'mass', 'duck', 'path', 'fake', 'bomb', 'tall', 'load', 'tune', 'sand', 'camp', 'fail', 'zone', 'golf', 'mood', 'vast', 'beef', 'cast', 'soup', 'coat', 'grew', 'beer', 'quiz', 'boom', 'bone', 'spin', 'tail', 'wave', 'wing', 'pool', 'wise', 'gift', 'bite', 'thin', 'code', 'page', 'wash', 'lake', 'drug', 'rent', 'meal', 'swim', 'grab', 'suit', 'soul', 'flag', 'bond', 'port', 'firm', 'rice'], 'hemifield': 1}
321.3372 	EXP 	Sound  set volume 0.800
321.3372 	EXP 	Sound  set volume 1.000
321.3372 	EXP 	Sound  set volume 0.800
329.1926 	EXP 	window1: recordFrameIntervals = False
329.7941 	DATA 	Keypress: s
330.2594 	DATA 	Keypress: return
330.7956 	DATA 	Keypress: o
331.3445 	DATA 	Keypress: return
331.8485 	EXP 	New trial (rep=0, index=28): {'cueSerialPos': 9, 'rightResponseFirst': True, 'leftStreamFlip': False, 'rightStreamFlip': False, 'wordEccentricity': 5, 'bin': ['peel', 'bend', 'quit', 'whip', 'rang', 'muck', 'mild', 'cage', 'beep', 'skip', 'snap', 'sail', 'shoe', 'twin', 'bass', 'raid', 'tray', 'doll', 'loft', 'flip', 'hire', 'wolf', 'mint', 'tone', 'lazy', 'bust', 'pity', 'cent', 'hoot', 'lean', 'grip', 'crop', 'goat', 'herd', 'gulf', 'wool', 'coin', 'poll', 'lamp', 'foul', 'mask', 'woof', 'blew', 'roar', 'tick', 'frog', 'jazz', 'lump', 'stir', 'tart', 'glue', 'horn', 'soap', 'drag'], 'hemifield': 1}
332.0376 	EXP 	Sound  set volume 0.800
332.0376 	EXP 	Sound  set volume 1.000
332.0377 	EXP 	Sound  set volume 0.800
339.5601 	EXP 	window1: recordFrameIntervals = False
340.7115 	DATA 	Keypress: i
341.3103 	DATA 	Keypress: return
341.6781 	DATA 	Keypress: u
342.2440 	DATA 	Keypress: return
342.2454 	WARNING 	Response was not present in the stimulus stream
342.7478 	EXP 	New trial (rep=0, index=29): {'cueSerialPos': 7, 'rightResponseFirst': False, 'leftStreamFlip': False, 'rightStreamFlip': False, 'wordEccentricity': 5, 'bin': ['peel', 'bend', 'quit', 'whip', 'rang', 'muck', 'mild', 'cage', 'beep', 'skip', 'snap', 'sail', 'shoe', 'twin', 'bass', 'raid', 'tray', 'doll', 'loft', 'flip', 'hire', 'wolf', 'mint', 'tone', 'lazy', 'bust', 'pity', 'cent', 'hoot', 'lean', 'grip', 'crop', 'goat', 'herd', 'gulf', 'wool', 'coin', 'poll', 'lamp', 'foul', 'mask', 'woof', 'blew', 'roar', 'tick', 'frog', 'jazz', 'lump', 'stir', 'tart', 'glue', 'horn', 'soap', 'drag'], 'hemifield': -1}
342.9368 	EXP 	Sound  set volume 0.800
342.9368 	EXP 	Sound  set volume 1.000
342.9369 	EXP 	Sound  set volume 0.800
350.5258 	EXP 	window1: recordFrameIntervals = False
350.9784 	DATA 	Keypress: n
351.7931 	DATA 	Keypress: return
352.0779 	DATA 	Keypress: r
353.2273 	DATA 	Keypress: return
353.7307 	EXP 	New trial (rep=0, index=30): {'cueSerialPos': 9, 'rightResponseFirst': True, 'leftStreamFlip': False, 'rightStreamFlip': False, 'wordEccentricity': 5, 'bin': ['land', 'size', 'save', 'race', 'born', 'pass', 'lord', 'wish', 'rock', 'cold', 'safe', 'seem', 'test', 'rain', 'gold', 'fish', 'club', 'walk', 'view', 'hour', 'mine', 'cool', 'star', 'nine', 'main', 'felt', 'dear', 'read', 'join', 'poor', 'wall', 'term', 'park', 'wife', 'near', 'song', 'lead', 'fast', 'beat', 'cook', 'cost', 'blue', 'sent', 'fire', 'king', 'step', 'fair', 'form', 'east', 'fall', 'hair', 'vote', 'feet', 'shop'], 'hemifield': -1}
353.9199 	EXP 	Sound  set volume 0.800
353.9199 	EXP 	Sound  set volume 1.000
353.9199 	EXP 	Sound  set volume 0.800
361.3931 	EXP 	window1: recordFrameIntervals = False
362.1930 	DATA 	Keypress: z
362.6941 	DATA 	Keypress: return
362.9939 	DATA 	Keypress: u
363.1934 	DATA 	Keypress: return
363.7056 	EXP 	New trial (rep=0, index=31): {'cueSerialPos': 12, 'rightResponseFirst': False, 'leftStreamFlip': False, 'rightStreamFlip': False, 'wordEccentricity': 5, 'bin': ['boat', 'foot', 'site', 'jump', 'pair', 'ring', 'list', 'cake', 'sale', 'farm', 'post', 'send', 'dish', 'drop', 'self', 'role', 'kick', 'card', 'shut', 'pain', 'roll', 'band', 'fear', 'none', 'grow', 'date', 'dark', 'hall', 'deep', 'bird', 'hurt', 'flat', 'wine', 'cash', 'slow', 'rich', 'type', 'fell', 'pull', 'till', 'tree', 'sign', 'warm', 'goal', 'keen', 'sing', 'wear', 'push', 'bear', 'wild', 'glad', 'draw', 'rate', 'hang'], 'hemifield': 1}
363.9030 	EXP 	Sound  set volume 0.800
363.9030 	EXP 	Sound  set volume 1.000
363.9030 	EXP 	Sound  set volume 0.800
371.3754 	EXP 	window1: recordFrameIntervals = False
372.4107 	DATA 	Keypress: s
372.8770 	DATA 	Keypress: return
373.3938 	DATA 	Keypress: w
374.2444 	DATA 	Keypress: return
374.7486 	EXP 	New trial (rep=0, index=32): {'cueSerialPos': 8, 'rightResponseFirst': True, 'leftStreamFlip': False, 'rightStreamFlip': False, 'wordEccentricity': 5, 'bin': ['heat', 'chef', 'seat', 'bowl', 'wide', 'debt', 'rise', 'snow', 'moon', 'mess', 'bath', 'milk', 'fuel', 'hill', 'skin', 'duty', 'clue', 'wake', 'rule', 'kiss', 'note', 'fill', 'sick', 'bang', 'task', 'base', 'boss', 'plus', 'ride', 'mile', 'calm', 'hide', 'loss', 'neck', 'rare', 'feed', 'roof', 'pack', 'crew', 'wood', 'mail', 'lack', 'nose', 'trip', 'lift', 'rose', 'soft', 'hole', 'ship', 'tour', 'fund', 'lamb', 'blow', 'male'], 'hemifield': -1}
374.9363 	EXP 	Sound  set volume 0.800
374.9363 	EXP 	Sound  set volume 1.000
374.9364 	EXP 	Sound  set volume 0.800
382.4923 	EXP 	window1: recordFrameIntervals = False
383.2781 	DATA 	Keypress: h
384.0261 	DATA 	Keypress: return
384.5448 	DATA 	Keypress: t
385.2760 	DATA 	Keypress: return
385.2774 	WARNING 	Response was not present in the stimulus stream
385.7793 	EXP 	New trial (rep=0, index=33): {'cueSerialPos': 6, 'rightResponseFirst': False, 'leftStreamFlip': False, 'rightStreamFlip': False, 'wordEccentricity': 5, 'bin': ['land', 'size', 'save', 'race', 'born', 'pass', 'lord', 'wish', 'rock', 'cold', 'safe', 'seem', 'test', 'rain', 'gold', 'fish', 'club', 'walk', 'view', 'hour', 'mine', 'cool', 'star', 'nine', 'main', 'felt', 'dear', 'read', 'join', 'poor', 'wall', 'term', 'park', 'wife', 'near', 'song', 'lead', 'fast', 'beat', 'cook', 'cost', 'blue', 'sent', 'fire', 'king', 'step', 'fair', 'form', 'east', 'fall', 'hair', 'vote', 'feet', 'shop'], 'hemifield': -1}
385.9694 	EXP 	Sound  set volume 0.800
385.9694 	EXP 	Sound  set volume 1.000
385.9694 	EXP 	Sound  set volume 0.800
393.5592 	EXP 	window1: recordFrameIntervals = False
394.0098 	DATA 	Keypress: y
394.5776 	DATA 	Keypress: return
394.9773 	DATA 	Keypress: i
395.5605 	DATA 	Keypress: return
396.0731 	EXP 	New trial (rep=0, index=34): {'cueSerialPos': 7, 'rightResponseFirst': True, 'leftStreamFlip': False, 'rightStreamFlip': False, 'wordEccentricity': 5, 'bin': ['peel', 'bend', 'quit', 'whip', 'rang', 'muck', 'mild', 'cage', 'beep', 'skip', 'snap', 'sail', 'shoe', 'twin', 'bass', 'raid', 'tray', 'doll', 'loft', 'flip', 'hire', 'wolf', 'mint', 'tone', 'lazy', 'bust', 'pity', 'cent', 'hoot', 'lean', 'grip', 'crop', 'goat', 'herd', 'gulf', 'wool', 'coin', 'poll', 'lamp', 'foul', 'mask', 'woof', 'blew', 'roar', 'tick', 'frog', 'jazz', 'lump', 'stir', 'tart', 'glue', 'horn', 'soap', 'drag'], 'hemifield': -1}
396.2693 	EXP 	Sound  set volume 0.800
396.2693 	EXP 	Sound  set volume 1.000
396.2693 	EXP 	Sound  set volume 0.800
403.9255 	EXP 	window1: recordFrameIntervals = False
404.5942 	DATA 	Keypress: k
406.3269 	DATA 	Keypress: return
407.3593 	DATA 	Keypress: g
511.5651 	DATA 	Keypress: return
512.0787 	EXP 	New trial (rep=0, index=35): {'cueSerialPos': 5, 'rightResponseFirst': False, 'leftStreamFlip': False, 'rightStreamFlip': False, 'wordEccentricity': 5, 'bin': ['cope', 'lane', 'loud', 'sake', 'joke', 'mass', 'duck', 'path', 'fake', 'bomb', 'tall', 'load', 'tune', 'sand', 'camp', 'fail', 'zone', 'golf', 'mood', 'vast', 'beef', 'cast', 'soup', 'coat', 'grew', 'beer', 'quiz', 'boom', 'bone', 'spin', 'tail', 'wave', 'wing', 'pool', 'wise', 'gift', 'bite', 'thin', 'code', 'page', 'wash', 'lake', 'drug', 'rent', 'meal', 'swim', 'grab', 'suit', 'soul', 'flag', 'bond', 'port', 'firm', 'rice'], 'hemifield': -1}
512.2677 	EXP 	Sound  set volume 0.800
512.2677 	EXP 	Sound  set volume 1.000
512.2677 	EXP 	Sound  set volume 0.800
520.1069 	EXP 	window1: recordFrameIntervals = False
520.7425 	DATA 	Keypress: g
521.1750 	DATA 	Keypress: return
521.5085 	DATA 	Keypress: i
521.9084 	DATA 	Keypress: return
522.4123 	EXP 	New trial (rep=0, index=36): {'cueSerialPos': 8, 'rightResponseFirst': False, 'leftStreamFlip': False, 'rightStreamFlip': False, 'wordEccentricity': 5, 'bin': ['peel', 'bend', 'quit', 'whip', 'rang', 'muck', 'mild', 'cage', 'beep', 'skip', 'snap', 'sail', 'shoe', 'twin', 'bass', 'raid', 'tray', 'doll', 'loft', 'flip', 'hire', 'wolf', 'mint', 'tone', 'lazy', 'bust', 'pity', 'cent', 'hoot', 'lean', 'grip', 'crop', 'goat', 'herd', 'gulf', 'wool', 'coin', 'poll', 'lamp', 'foul', 'mask', 'woof', 'blew', 'roar', 'tick', 'frog', 'jazz', 'lump', 'stir', 'tart', 'glue', 'horn', 'soap', 'drag'], 'hemifield': -1}
522.6013 	EXP 	Sound  set volume 0.800
522.6013 	EXP 	Sound  set volume 1.000
522.6014 	EXP 	Sound  set volume 0.800
530.4078 	EXP 	window1: recordFrameIntervals = False
531.0587 	DATA 	Keypress: j
531.4758 	DATA 	Keypress: return
532.1259 	DATA 	Keypress: o
532.7919 	DATA 	Keypress: return
533.2954 	EXP 	New trial (rep=0, index=37): {'cueSerialPos': 10, 'rightResponseFirst': False, 'leftStreamFlip': False, 'rightStreamFlip': False, 'wordEccentricity': 5, 'bin': ['peel', 'bend', 'quit', 'whip', 'rang', 'muck', 'mild', 'cage', 'beep', 'skip', 'snap', 'sail', 'shoe', 'twin', 'bass', 'raid', 'tray', 'doll', 'loft', 'flip', 'hire', 'wolf', 'mint', 'tone', 'lazy', 'bust', 'pity', 'cent', 'hoot', 'lean', 'grip', 'crop', 'goat', 'herd', 'gulf', 'wool', 'coin', 'poll', 'lamp', 'foul', 'mask', 'woof', 'blew', 'roar', 'tick', 'frog', 'jazz', 'lump', 'stir', 'tart', 'glue', 'horn', 'soap', 'drag'], 'hemifield': 1}
533.4837 	EXP 	Sound  set volume 0.800
533.4837 	EXP 	Sound  set volume 1.000
533.4838 	EXP 	Sound  set volume 0.800
541.0903 	EXP 	window1: recordFrameIntervals = False
541.6408 	DATA 	Keypress: i
542.3584 	DATA 	Keypress: return
542.7749 	DATA 	Keypress: u
544.0570 	DATA 	Keypress: return
544.0586 	WARNING 	Response was not present in the stimulus stream
544.5610 	EXP 	New trial (rep=0, index=38): {'cueSerialPos': 7, 'rightResponseFirst': True, 'leftStreamFlip': False, 'rightStreamFlip': False, 'wordEccentricity': 5, 'bin': ['cope', 'lane', 'loud', 'sake', 'joke', 'mass', 'duck', 'path', 'fake', 'bomb', 'tall', 'load', 'tune', 'sand', 'camp', 'fail', 'zone', 'golf', 'mood', 'vast', 'beef', 'cast', 'soup', 'coat', 'grew', 'beer', 'quiz', 'boom', 'bone', 'spin', 'tail', 'wave', 'wing', 'pool', 'wise', 'gift', 'bite', 'thin', 'code', 'page', 'wash', 'lake', 'drug', 'rent', 'meal', 'swim', 'grab', 'suit', 'soul', 'flag', 'bond', 'port', 'firm', 'rice'], 'hemifield': 1}
544.7511 	EXP 	Sound  set volume 0.800
544.7511 	EXP 	Sound  set volume 1.000
544.7512 	EXP 	Sound  set volume 0.800
552.4905 	EXP 	window1: recordFrameIntervals = False
553.1909 	DATA 	Keypress: j
553.8913 	DATA 	Keypress: return
554.2579 	DATA 	Keypress: w
554.8744 	DATA 	Keypress: return
554.8757 	WARNING 	Response was not present in the stimulus stream
555.3785 	EXP 	New trial (rep=0, index=39): {'cueSerialPos': 8, 'rightResponseFirst': True, 'leftStreamFlip': False, 'rightStreamFlip': False, 'wordEccentricity': 5, 'bin': ['heat', 'chef', 'seat', 'bowl', 'wide', 'debt', 'rise', 'snow', 'moon', 'mess', 'bath', 'milk', 'fuel', 'hill', 'skin', 'duty', 'clue', 'wake', 'rule', 'kiss', 'note', 'fill', 'sick', 'bang', 'task', 'base', 'boss', 'plus', 'ride', 'mile', 'calm', 'hide', 'loss', 'neck', 'rare', 'feed', 'roof', 'pack', 'crew', 'wood', 'mail', 'lack', 'nose', 'trip', 'lift', 'rose', 'soft', 'hole', 'ship', 'tour', 'fund', 'lamb', 'blow', 'male'], 'hemifield': 1}
555.5675 	EXP 	Sound  set volume 0.800
555.5675 	EXP 	Sound  set volume 1.000
555.5676 	EXP 	Sound  set volume 0.800
563.4565 	EXP 	window1: recordFrameIntervals = False
564.6588 	DATA 	Keypress: h
565.1400 	DATA 	Keypress: return
565.5749 	DATA 	Keypress: i
566.1394 	DATA 	Keypress: return
566.6482 	EXP 	New trial (rep=0, index=40): {'cueSerialPos': 10, 'rightResponseFirst': True, 'leftStreamFlip': False, 'rightStreamFlip': False, 'wordEccentricity': 5, 'bin': ['heat', 'chef', 'seat', 'bowl', 'wide', 'debt', 'rise', 'snow', 'moon', 'mess', 'bath', 'milk', 'fuel', 'hill', 'skin', 'duty', 'clue', 'wake', 'rule', 'kiss', 'note', 'fill', 'sick', 'bang', 'task', 'base', 'boss', 'plus', 'ride', 'mile', 'calm', 'hide', 'loss', 'neck', 'rare', 'feed', 'roof', 'pack', 'crew', 'wood', 'mail', 'lack', 'nose', 'trip', 'lift', 'rose', 'soft', 'hole', 'ship', 'tour', 'fund', 'lamb', 'blow', 'male'], 'hemifield': 1}
566.8500 	EXP 	Sound  set volume 0.800
566.8500 	EXP 	Sound  set volume 1.000
566.8501 	EXP 	Sound  set volume 0.800
574.4729 	EXP 	window1: recordFrameIntervals = False
575.6404 	DATA 	Keypress: x
576.9742 	DATA 	Keypress: return
577.2251 	DATA 	Keypress: p
577.6413 	DATA 	Keypress: return
578.1452 	EXP 	New trial (rep=0, index=41): {'cueSerialPos': 8, 'rightResponseFirst': True, 'leftStreamFlip': False, 'rightStreamFlip': False, 'wordEccentricity': 5, 'bin': ['weak', 'fate', 'worn', 'heir', 'bake', 'vase', 'wire', 'pure', 'rope', 'seal', 'babe', 'seed', 'mill', 'dust', 'chap', 'belt', 'core', 'claw', 'aunt', 'hook', 'ding', 'soil', 'harm', 'flog', 'gear', 'pole', 'chip', 'hung', 'buzz', 'leaf', 'slip', 'tale', 'knee', 'flow', 'drew', 'dive', 'shed', 'duke', 'barn', 'ward', 'peak', 'coal', 'gate', 'deer', 'posh', 'bull', 'pipe', 'gang', 'cell', 'menu', 'loan', 'folk', 'tube', 'damp'], 'hemifield': 1}
578.3337 	EXP 	Sound  set volume 0.800
578.3337 	EXP 	Sound  set volume 1.000
578.3338 	EXP 	Sound  set volume 0.800
585.9909 	EXP 	window1: recordFrameIntervals = False
587.0079 	DATA 	Keypress: m
589.7240 	DATA 	Keypress: backspace
590.1913 	DATA 	Keypress: u
591.3576 	DATA 	Keypress: return
591.7243 	DATA 	Keypress: m
592.3920 	DATA 	Keypress: return
592.8962 	EXP 	New trial (rep=0, index=42): {'cueSerialPos': 11, 'rightResponseFirst': False, 'leftStreamFlip': False, 'rightStreamFlip': False, 'wordEccentricity': 5, 'bin': ['land', 'size', 'save', 'race', 'born', 'pass', 'lord', 'wish', 'rock', 'cold', 'safe', 'seem', 'test', 'rain', 'gold', 'fish', 'club', 'walk', 'view', 'hour', 'mine', 'cool', 'star', 'nine', 'main', 'felt', 'dear', 'read', 'join', 'poor', 'wall', 'term', 'park', 'wife', 'near', 'song', 'lead', 'fast', 'beat', 'cook', 'cost', 'blue', 'sent', 'fire', 'king', 'step', 'fair', 'form', 'east', 'fall', 'hair', 'vote', 'feet', 'shop'], 'hemifield': -1}
593.0997 	EXP 	Sound  set volume 0.800
593.0998 	EXP 	Sound  set volume 1.000
593.0998 	EXP 	Sound  set volume 0.800
600.9065 	EXP 	window1: recordFrameIntervals = False
601.7252 	DATA 	Keypress: s
602.5405 	DATA 	Keypress: return
603.2404 	DATA 	Keypress: o
603.4565 	DATA 	Keypress: return
603.9690 	EXP 	New trial (rep=0, index=43): {'cueSerialPos': 11, 'rightResponseFirst': False, 'leftStreamFlip': False, 'rightStreamFlip': False, 'wordEccentricity': 5, 'bin': ['cope', 'lane', 'loud', 'sake', 'joke', 'mass', 'duck', 'path', 'fake', 'bomb', 'tall', 'load', 'tune', 'sand', 'camp', 'fail', 'zone', 'golf', 'mood', 'vast', 'beef', 'cast', 'soup', 'coat', 'grew', 'beer', 'quiz', 'boom', 'bone', 'spin', 'tail', 'wave', 'wing', 'pool', 'wise', 'gift', 'bite', 'thin', 'code', 'page', 'wash', 'lake', 'drug', 'rent', 'meal', 'swim', 'grab', 'suit', 'soul', 'flag', 'bond', 'port', 'firm', 'rice'], 'hemifield': 1}
604.1671 	EXP 	Sound  set volume 0.800
604.1671 	EXP 	Sound  set volume 1.000
604.1672 	EXP 	Sound  set volume 0.800
612.0387 	EXP 	window1: recordFrameIntervals = False
612.5907 	DATA 	Keypress: f
613.3562 	DATA 	Keypress: return
613.7233 	DATA 	Keypress: v
614.7908 	DATA 	Keypress: return
615.2950 	EXP 	New trial (rep=0, index=44): {'cueSerialPos': 11, 'rightResponseFirst': True, 'leftStreamFlip': False, 'rightStreamFlip': False, 'wordEccentricity': 5, 'bin': ['cope', 'lane', 'loud', 'sake', 'joke', 'mass', 'duck', 'path', 'fake', 'bomb', 'tall', 'load', 'tune', 'sand', 'camp', 'fail', 'zone', 'golf', 'mood', 'vast', 'beef', 'cast', 'soup', 'coat', 'grew', 'beer', 'quiz', 'boom', 'bone', 'spin', 'tail', 'wave', 'wing', 'pool', 'wise', 'gift', 'bite', 'thin', 'code', 'page', 'wash', 'lake', 'drug', 'rent', 'meal', 'swim', 'grab', 'suit', 'soul', 'flag', 'bond', 'port', 'firm', 'rice'], 'hemifield': -1}
615.4835 	EXP 	Sound  set volume 0.800
615.4835 	EXP 	Sound  set volume 1.000
615.4836 	EXP 	Sound  set volume 0.800
623.0063 	EXP 	window1: recordFrameIntervals = False
625.0574 	DATA 	Keypress: o
626.0062 	DATA 	Keypress: return
626.3908 	DATA 	Keypress: m
626.9073 	DATA 	Keypress: return
627.4203 	EXP 	New trial (rep=0, index=45): {'cueSerialPos': 6, 'rightResponseFirst': False, 'leftStreamFlip': False, 'rightStreamFlip': False, 'wordEccentricity': 5, 'bin': ['heat', 'chef', 'seat', 'bowl', 'wide', 'debt', 'rise', 'snow', 'moon', 'mess', 'bath', 'milk', 'fuel', 'hill', 'skin', 'duty', 'clue', 'wake', 'rule', 'kiss', 'note', 'fill', 'sick', 'bang', 'task', 'base', 'boss', 'plus', 'ride', 'mile', 'calm', 'hide', 'loss', 'neck', 'rare', 'feed', 'roof', 'pack', 'crew', 'wood', 'mail', 'lack', 'nose', 'trip', 'lift', 'rose', 'soft', 'hole', 'ship', 'tour', 'fund', 'lamb', 'blow', 'male'], 'hemifield': -1}
627.6168 	EXP 	Sound  set volume 0.800
627.6168 	EXP 	Sound  set volume 1.000
627.6169 	EXP 	Sound  set volume 0.800
635.3555 	EXP 	window1: recordFrameIntervals = False
636.2738 	DATA 	Keypress: p
637.1235 	DATA 	Keypress: return
637.4244 	DATA 	Keypress: r
637.6889 	DATA 	Keypress: return
638.1929 	EXP 	New trial (rep=0, index=46): {'cueSerialPos': 10, 'rightResponseFirst': False, 'leftStreamFlip': False, 'rightStreamFlip': False, 'wordEccentricity': 5, 'bin': ['weak', 'fate', 'worn', 'heir', 'bake', 'vase', 'wire', 'pure', 'rope', 'seal', 'babe', 'seed', 'mill', 'dust', 'chap', 'belt', 'core', 'claw', 'aunt', 'hook', 'ding', 'soil', 'harm', 'flog', 'gear', 'pole', 'chip', 'hung', 'buzz', 'leaf', 'slip', 'tale', 'knee', 'flow', 'drew', 'dive', 'shed', 'duke', 'barn', 'ward', 'peak', 'coal', 'gate', 'deer', 'posh', 'bull', 'pipe', 'gang', 'cell', 'menu', 'loan', 'folk', 'tube', 'damp'], 'hemifield': 1}
638.3830 	EXP 	Sound  set volume 0.800
638.3830 	EXP 	Sound  set volume 1.000
638.3831 	EXP 	Sound  set volume 0.800
646.2385 	EXP 	window1: recordFrameIntervals = False
647.0240 	DATA 	Keypress: p
647.5901 	DATA 	Keypress: return
647.7227 	DATA 	Keypress: v
647.9569 	DATA 	Keypress: return
648.4606 	EXP 	New trial (rep=0, index=47): {'cueSerialPos': 6, 'rightResponseFirst': False, 'leftStreamFlip': False, 'rightStreamFlip': False, 'wordEccentricity': 5, 'bin': ['peel', 'bend', 'quit', 'whip', 'rang', 'muck', 'mild', 'cage', 'beep', 'skip', 'snap', 'sail', 'shoe', 'twin', 'bass', 'raid', 'tray', 'doll', 'loft', 'flip', 'hire', 'wolf', 'mint', 'tone', 'lazy', 'bust', 'pity', 'cent', 'hoot', 'lean', 'grip', 'crop', 'goat', 'herd', 'gulf', 'wool', 'coin', 'poll', 'lamp', 'foul', 'mask', 'woof', 'blew', 'roar', 'tick', 'frog', 'jazz', 'lump', 'stir', 'tart', 'glue', 'horn', 'soap', 'drag'], 'hemifield': 1}
648.6489 	EXP 	Sound  set volume 0.800
648.6489 	EXP 	Sound  set volume 1.000
648.6490 	EXP 	Sound  set volume 0.800
656.4727 	EXP 	window1: recordFrameIntervals = False
656.9564 	DATA 	Keypress: y
657.5567 	DATA 	Keypress: return
657.8068 	DATA 	Keypress: h
658.3394 	DATA 	Keypress: return
658.8523 	EXP 	New trial (rep=0, index=48): {'cueSerialPos': 12, 'rightResponseFirst': True, 'leftStreamFlip': False, 'rightStreamFlip': False, 'wordEccentricity': 5, 'bin': ['boat', 'foot', 'site', 'jump', 'pair', 'ring', 'list', 'cake', 'sale', 'farm', 'post', 'send', 'dish', 'drop', 'self', 'role', 'kick', 'card', 'shut', 'pain', 'roll', 'band', 'fear', 'none', 'grow', 'date', 'dark', 'hall', 'deep', 'bird', 'hurt', 'flat', 'wine', 'cash', 'slow', 'rich', 'type', 'fell', 'pull', 'till', 'tree', 'sign', 'warm', 'goal', 'keen', 'sing', 'wear', 'push', 'bear', 'wild', 'glad', 'draw', 'rate', 'hang'], 'hemifield': 1}
659.0496 	EXP 	Sound  set volume 0.800
659.0496 	EXP 	Sound  set volume 1.000
659.0497 	EXP 	Sound  set volume 0.800
666.8201 	EXP 	window1: recordFrameIntervals = False
668.6895 	DATA 	Keypress: h
669.2058 	DATA 	Keypress: return
669.4898 	DATA 	Keypress: z
669.7732 	DATA 	Keypress: return
670.2774 	EXP 	New trial (rep=0, index=49): {'cueSerialPos': 11, 'rightResponseFirst': False, 'leftStreamFlip': False, 'rightStreamFlip': False, 'wordEccentricity': 5, 'bin': ['heat', 'chef', 'seat', 'bowl', 'wide', 'debt', 'rise', 'snow', 'moon', 'mess', 'bath', 'milk', 'fuel', 'hill', 'skin', 'duty', 'clue', 'wake', 'rule', 'kiss', 'note', 'fill', 'sick', 'bang', 'task', 'base', 'boss', 'plus', 'ride', 'mile', 'calm', 'hide', 'loss', 'neck', 'rare', 'feed', 'roof', 'pack', 'crew', 'wood', 'mail', 'lack', 'nose', 'trip', 'lift', 'rose', 'soft', 'hole', 'ship', 'tour', 'fund', 'lamb', 'blow', 'male'], 'hemifield': 1}
670.4647 	EXP 	Sound  set volume 0.800
670.4647 	EXP 	Sound  set volume 1.000
670.4647 	EXP 	Sound  set volume 0.800
678.0560 	EXP 	window1: recordFrameIntervals = False
678.7078 	DATA 	Keypress: p
680.0568 	DATA 	Keypress: return
681.3236 	DATA 	Keypress: l
684.1229 	DATA 	Keypress: return
684.6266 	EXP 	New trial (rep=0, index=50): {'cueSerialPos': 9, 'rightResponseFirst': False, 'leftStreamFlip': False, 'rightStreamFlip': False, 'wordEccentricity': 5, 'bin': ['cope', 'lane', 'loud', 'sake', 'joke', 'mass', 'duck', 'path', 'fake', 'bomb', 'tall', 'load', 'tune', 'sand', 'camp', 'fail', 'zone', 'golf', 'mood', 'vast', 'beef', 'cast', 'soup', 'coat', 'grew', 'beer', 'quiz', 'boom', 'bone', 'spin', 'tail', 'wave', 'wing', 'pool', 'wise', 'gift', 'bite', 'thin', 'code', 'page', 'wash', 'lake', 'drug', 'rent', 'meal', 'swim', 'grab', 'suit', 'soul', 'flag', 'bond', 'port', 'firm', 'rice'], 'hemifield': 1}
684.8157 	EXP 	Sound  set volume 0.800
684.8157 	EXP 	Sound  set volume 1.000
684.8157 	EXP 	Sound  set volume 0.800
692.6721 	EXP 	window1: recordFrameIntervals = False
693.5227 	DATA 	Keypress: g
694.3722 	DATA 	Keypress: return
696.7075 	DATA 	Keypress: w
698.5889 	DATA 	Keypress: return
699.0918 	EXP 	New trial (rep=0, index=51): {'cueSerialPos': 8, 'rightResponseFirst': True, 'leftStreamFlip': False, 'rightStreamFlip': False, 'wordEccentricity': 5, 'bin': ['weak', 'fate', 'worn', 'heir', 'bake', 'vase', 'wire', 'pure', 'rope', 'seal', 'babe', 'seed', 'mill', 'dust', 'chap', 'belt', 'core', 'claw', 'aunt', 'hook', 'ding', 'soil', 'harm', 'flog', 'gear', 'pole', 'chip', 'hung', 'buzz', 'leaf', 'slip', 'tale', 'knee', 'flow', 'drew', 'dive', 'shed', 'duke', 'barn', 'ward', 'peak', 'coal', 'gate', 'deer', 'posh', 'bull', 'pipe', 'gang', 'cell', 'menu', 'loan', 'folk', 'tube', 'damp'], 'hemifield': -1}
699.2824 	EXP 	Sound  set volume 0.800
699.2824 	EXP 	Sound  set volume 1.000
699.2825 	EXP 	Sound  set volume 0.800
706.7713 	EXP 	window1: recordFrameIntervals = False
707.6061 	DATA 	Keypress: y
707.7890 	DATA 	Keypress: return
707.9891 	DATA 	Keypress: s
708.1224 	DATA 	Keypress: return
708.6250 	EXP 	New trial (rep=0, index=52): {'cueSerialPos': 10, 'rightResponseFirst': True, 'leftStreamFlip': False, 'rightStreamFlip': False, 'wordEccentricity': 5, 'bin': ['peel', 'bend', 'quit', 'whip', 'rang', 'muck', 'mild', 'cage', 'beep', 'skip', 'snap', 'sail', 'shoe', 'twin', 'bass', 'raid', 'tray', 'doll', 'loft', 'flip', 'hire', 'wolf', 'mint', 'tone', 'lazy', 'bust', 'pity', 'cent', 'hoot', 'lean', 'grip', 'crop', 'goat', 'herd', 'gulf', 'wool', 'coin', 'poll', 'lamp', 'foul', 'mask', 'woof', 'blew', 'roar', 'tick', 'frog', 'jazz', 'lump', 'stir', 'tart', 'glue', 'horn', 'soap', 'drag'], 'hemifield': 1}
708.8153 	EXP 	Sound  set volume 0.800
708.8153 	EXP 	Sound  set volume 1.000
708.8154 	EXP 	Sound  set volume 0.800
716.2539 	EXP 	window1: recordFrameIntervals = False
717.0399 	DATA 	Keypress: u
717.6060 	DATA 	Keypress: return
717.8726 	DATA 	Keypress: s
718.0217 	DATA 	Keypress: return
718.0232 	WARNING 	Response was not present in the stimulus stream
718.5348 	EXP 	New trial (rep=0, index=53): {'cueSerialPos': 10, 'rightResponseFirst': True, 'leftStreamFlip': False, 'rightStreamFlip': False, 'wordEccentricity': 5, 'bin': ['land', 'size', 'save', 'race', 'born', 'pass', 'lord', 'wish', 'rock', 'cold', 'safe', 'seem', 'test', 'rain', 'gold', 'fish', 'club', 'walk', 'view', 'hour', 'mine', 'cool', 'star', 'nine', 'main', 'felt', 'dear', 'read', 'join', 'poor', 'wall', 'term', 'park', 'wife', 'near', 'song', 'lead', 'fast', 'beat', 'cook', 'cost', 'blue', 'sent', 'fire', 'king', 'step', 'fair', 'form', 'east', 'fall', 'hair', 'vote', 'feet', 'shop'], 'hemifield': -1}
718.7323 	EXP 	Sound  set volume 0.800
718.7323 	EXP 	Sound  set volume 1.000
718.7324 	EXP 	Sound  set volume 0.800
726.3383 	EXP 	window1: recordFrameIntervals = False
727.0565 	DATA 	Keypress: m
727.5544 	DATA 	Keypress: return
727.8061 	DATA 	Keypress: i
728.3391 	DATA 	Keypress: return
728.8432 	EXP 	New trial (rep=0, index=54): {'cueSerialPos': 6, 'rightResponseFirst': False, 'leftStreamFlip': False, 'rightStreamFlip': False, 'wordEccentricity': 5, 'bin': ['weak', 'fate', 'worn', 'heir', 'bake', 'vase', 'wire', 'pure', 'rope', 'seal', 'babe', 'seed', 'mill', 'dust', 'chap', 'belt', 'core', 'claw', 'aunt', 'hook', 'ding', 'soil', 'harm', 'flog', 'gear', 'pole', 'chip', 'hung', 'buzz', 'leaf', 'slip', 'tale', 'knee', 'flow', 'drew', 'dive', 'shed', 'duke', 'barn', 'ward', 'peak', 'coal', 'gate', 'deer', 'posh', 'bull', 'pipe', 'gang', 'cell', 'menu', 'loan', 'folk', 'tube', 'damp'], 'hemifield': 1}
729.0315 	EXP 	Sound  set volume 0.800
729.0315 	EXP 	Sound  set volume 1.000
729.0316 	EXP 	Sound  set volume 0.800
736.6378 	EXP 	window1: recordFrameIntervals = False
736.6382 	ERROR 	trialnum=54 ERROR,1 frames were longer than 21.67 ms apparently screen refreshes skipped, interframe durs were:[22.9] and was these frames: [35]
736.6384 	INFO 	flankers also=[15.6 22.9 10.7]
737.4396 	DATA 	Keypress: g
737.9886 	DATA 	Keypress: return
738.5392 	DATA 	Keypress: h
738.7547 	DATA 	Keypress: return
739.2587 	EXP 	New trial (rep=0, index=55): {'cueSerialPos': 9, 'rightResponseFirst': True, 'leftStreamFlip': False, 'rightStreamFlip': False, 'wordEccentricity': 5, 'bin': ['peel', 'bend', 'quit', 'whip', 'rang', 'muck', 'mild', 'cage', 'beep', 'skip', 'snap', 'sail', 'shoe', 'twin', 'bass', 'raid', 'tray', 'doll', 'loft', 'flip', 'hire', 'wolf', 'mint', 'tone', 'lazy', 'bust', 'pity', 'cent', 'hoot', 'lean', 'grip', 'crop', 'goat', 'herd', 'gulf', 'wool', 'coin', 'poll', 'lamp', 'foul', 'mask', 'woof', 'blew', 'roar', 'tick', 'frog', 'jazz', 'lump', 'stir', 'tart', 'glue', 'horn', 'soap', 'drag'], 'hemifield': -1}
739.4473 	EXP 	Sound  set volume 0.800
739.4473 	EXP 	Sound  set volume 1.000
739.4473 	EXP 	Sound  set volume 0.800
747.0210 	EXP 	window1: recordFrameIntervals = False
747.6893 	DATA 	Keypress: h
748.8888 	DATA 	Keypress: return
749.0561 	DATA 	Keypress: q
749.3882 	DATA 	Keypress: return
749.9042 	EXP 	New trial (rep=0, index=56): {'cueSerialPos': 9, 'rightResponseFirst': False, 'leftStreamFlip': False, 'rightStreamFlip': False, 'wordEccentricity': 5, 'bin': ['cope', 'lane', 'loud', 'sake', 'joke', 'mass', 'duck', 'path', 'fake', 'bomb', 'tall', 'load', 'tune', 'sand', 'camp', 'fail', 'zone', 'golf', 'mood', 'vast', 'beef', 'cast', 'soup', 'coat', 'grew', 'beer', 'quiz', 'boom', 'bone', 'spin', 'tail', 'wave', 'wing', 'pool', 'wise', 'gift', 'bite', 'thin', 'code', 'page', 'wash', 'lake', 'drug', 'rent', 'meal', 'swim', 'grab', 'suit', 'soul', 'flag', 'bond', 'port', 'firm', 'rice'], 'hemifield': -1}
750.0981 	EXP 	Sound  set volume 0.800
750.0981 	EXP 	Sound  set volume 1.000
750.0982 	EXP 	Sound  set volume 0.800
757.9046 	EXP 	window1: recordFrameIntervals = False
759.5390 	DATA 	Keypress: q
760.0213 	DATA 	Keypress: return
760.3390 	DATA 	Keypress: k
760.4548 	DATA 	Keypress: return
760.9578 	EXP 	New trial (rep=0, index=57): {'cueSerialPos': 5, 'rightResponseFirst': True, 'leftStreamFlip': False, 'rightStreamFlip': False, 'wordEccentricity': 5, 'bin': ['boat', 'foot', 'site', 'jump', 'pair', 'ring', 'list', 'cake', 'sale', 'farm', 'post', 'send', 'dish', 'drop', 'self', 'role', 'kick', 'card', 'shut', 'pain', 'roll', 'band', 'fear', 'none', 'grow', 'date', 'dark', 'hall', 'deep', 'bird', 'hurt', 'flat', 'wine', 'cash', 'slow', 'rich', 'type', 'fell', 'pull', 'till', 'tree', 'sign', 'warm', 'goal', 'keen', 'sing', 'wear', 'push', 'bear', 'wild', 'glad', 'draw', 'rate', 'hang'], 'hemifield': 1}
761.1979 	EXP 	Sound  set volume 0.800
761.1980 	EXP 	Sound  set volume 1.000
761.1980 	EXP 	Sound  set volume 0.800
769.1026 	EXP 	window1: recordFrameIntervals = False
770.4055 	DATA 	Keypress: h
770.9043 	DATA 	Keypress: return
771.2375 	DATA 	Keypress: p
771.3361 	DATA 	Keypress: return
771.8394 	EXP 	New trial (rep=0, index=58): {'cueSerialPos': 6, 'rightResponseFirst': False, 'leftStreamFlip': False, 'rightStreamFlip': False, 'wordEccentricity': 5, 'bin': ['cope', 'lane', 'loud', 'sake', 'joke', 'mass', 'duck', 'path', 'fake', 'bomb', 'tall', 'load', 'tune', 'sand', 'camp', 'fail', 'zone', 'golf', 'mood', 'vast', 'beef', 'cast', 'soup', 'coat', 'grew', 'beer', 'quiz', 'boom', 'bone', 'spin', 'tail', 'wave', 'wing', 'pool', 'wise', 'gift', 'bite', 'thin', 'code', 'page', 'wash', 'lake', 'drug', 'rent', 'meal', 'swim', 'grab', 'suit', 'soul', 'flag', 'bond', 'port', 'firm', 'rice'], 'hemifield': 1}
772.0479 	EXP 	Sound  set volume 0.800
772.0479 	EXP 	Sound  set volume 1.000
772.0480 	EXP 	Sound  set volume 0.800
779.5534 	EXP 	window1: recordFrameIntervals = False
780.3374 	DATA 	Keypress: p
780.5543 	DATA 	Keypress: return
780.8390 	DATA 	Keypress: w
780.9702 	DATA 	Keypress: return
781.4823 	EXP 	New trial (rep=0, index=59): {'cueSerialPos': 7, 'rightResponseFirst': True, 'leftStreamFlip': False, 'rightStreamFlip': False, 'wordEccentricity': 5, 'bin': ['heat', 'chef', 'seat', 'bowl', 'wide', 'debt', 'rise', 'snow', 'moon', 'mess', 'bath', 'milk', 'fuel', 'hill', 'skin', 'duty', 'clue', 'wake', 'rule', 'kiss', 'note', 'fill', 'sick', 'bang', 'task', 'base', 'boss', 'plus', 'ride', 'mile', 'calm', 'hide', 'loss', 'neck', 'rare', 'feed', 'roof', 'pack', 'crew', 'wood', 'mail', 'lack', 'nose', 'trip', 'lift', 'rose', 'soft', 'hole', 'ship', 'tour', 'fund', 'lamb', 'blow', 'male'], 'hemifield': -1}
781.6809 	EXP 	Sound  set volume 0.800
781.6809 	EXP 	Sound  set volume 1.000
781.6809 	EXP 	Sound  set volume 0.800
786.9719 	DATA 	Keypress: escape
787.2548 	DATA 	Keypress: escape
787.7049 	DATA 	Keypress: escape
788.2880 	DATA 	Keypress: escape
789.5698 	EXP 	window1: recordFrameIntervals = False
790.7872 	DATA 	Keypress: escape
869.0058 	DATA 	Keypress: escape
869.0179 	INFO 	Experiment will have 192 trials. Letters will be drawn with superposed noise of 0.00%
869.0179 	INFO 	Experiment will have 192 trials. Letters will be drawn with superposed noise of 0.00%
869.0180 	INFO 	Finishing at 12:15 on 26 Apr 2019
869.0180 	ERROR 	user aborted experiment on keypress with trials done=0 of 193
869.3362 	EXP 	window1: mouseVisible = True
