27.6980 	WARNING 	User requested fullscreen with size [3360 2100], but screen is actually [1680, 1050]. Using actual size
28.6730 	INFO 	Successfully set darwin thread to realtime
29.7318 	INFO 	#[ PsychoPy3 RuntimeInfoStart ]
  #[[ PsychoPy ]] #---------
    psychopyVersion: 3.0.7
    psychopyHaveExtRush: True
  #[[ Experiment ]] #---------
    experimentRunTime: 2019_05_14 11:04 (Year_Month_Day Hour:Min)
    experimentRunTime.epoch: 1557846277
    experimentScript: mbl_basedOn350msSOA.py
    experimentScript.digestSHA1: 2c0a76f8040636b133d9c601eb7f98c6d0f0a5b3
    experimentScript.directory: /Users/alexh/Documents/attention_tempresltn/letters_words/McCloskey_patient/RansleyExperimentWordsLettersRSVP/wordsLettersRSVP
  #[[ System ]] #---------
    systemHaveInternetAccess: True
    systemHostName: Alexs-MacBook-Pro.local
    systemLocale: C
    systemMemFreeRAM: 7412.53125
    systemMemTotalRAM: 16384.0
    systemPlatform: darwin 10.14.4 x86_64
    systemPyoVersion: -
    systemRavailable: R version 3.5.1 (2018-07-02) -- Feather Spray
    systemRebooted: May 14 10:13
    systemSec.OpenSSLVersion: LibreSSL 2.6.5
    systemSec.pythonSSL: True
    systemTimeNumpySD1000000_sec: 0.0033
    systemUser: alex
    systemUserID: 502
    systemUsersCount: 1
  #[[ Window ]] #---------
    windowWinType: pyglet
    windowUnits: deg
    windowSize_pix: [3360 2100]
    windowScreen: 0
    windowRgb: [-0.7 -0.7 -0.7]
    windowRefreshTimeSD_ms: 0.272
    windowRefreshTimeMedian_ms: 16.667
    windowRefreshTimeAvg_ms: 16.668
    windowPos_pix: [0.0, 0.0]
    windowMonitor.name: testmonitor
    windowMonitor.getWidth_cm: 52.0
    windowMonitor.getDistance_cm: 57.0
    windowMonitor.currentCalibName: 2019_02_27 21:46
    windowIsFullScr: True
  #[[ Python ]] #---------
    pythonVersion: 3.6.1
  #[[ OpenGL ]] #---------
#[ PsychoPy3 RuntimeInfoEnd ]

29.9954 	EXP 	Created sequence: random, trialTypes=192, nReps=1, seed=None
30.1242 	EXP 	Created sequence: random, trialTypes=192, nReps=1, seed=None
30.1250 	EXP 	Created sequence: random, trialTypes=192, nReps=1, seed=None
30.1257 	EXP 	Created sequence: random, trialTypes=2, nReps=1, seed=None
30.1262 	EXP 	Created sequence: random, trialTypes=2, nReps=1, seed=None
30.1265 	INFO 	numtrials=192 and each trialDurFrames=414 or 6900.000000000001 ms  task=T1
30.1346 	INFO 	Experiment will have 192 trials. Letters will be drawn with superposed noise of 0.00%
30.1346 	INFO 	Experiment will have 192 trials. Letters will be drawn with superposed noise of 0.00%
30.1346 	INFO 	Starting main (non-staircase) part of experiment
30.1349 	EXP 	New trial (rep=0, index=0): {'cueSerialPos': 9, 'rightResponseFirst': True, 'leftStreamFlip': False, 'rightStreamFlip': False, 'wordEccentricity': 5, 'bin': ['boat', 'foot', 'site', 'jump', 'pair', 'ring', 'list', 'cake', 'sale', 'farm', 'post', 'send', 'dish', 'drop', 'self', 'role', 'kick', 'card', 'shut', 'pain', 'roll', 'band', 'fear', 'none', 'grow', 'date', 'dark', 'hall', 'deep', 'bird', 'hurt', 'flat', 'wine', 'cash', 'slow', 'rich', 'type', 'fell', 'pull', 'till', 'tree', 'sign', 'warm', 'goal', 'keen', 'sing', 'wear', 'push', 'bear', 'wild', 'glad', 'draw', 'rate', 'hang'], 'hemifield': 1}
30.3509 	EXP 	Sound  set volume 0.800
30.3510 	EXP 	Sound  set volume 1.000
30.3510 	EXP 	Sound  set volume 0.800
38.4036 	EXP 	window1: recordFrameIntervals = False
38.4212 	ERROR 	trialnum=0 ERROR,1 frames were longer than 21.67 ms apparently screen refreshes skipped, interframe durs were:[53.8] and was these frames: [144]
38.4214 	INFO 	flankers also=[15.7 53.8 12.3]
39.7384 	DATA 	Keypress: v
40.4535 	DATA 	Keypress: return
40.8713 	DATA 	Keypress: b
41.3041 	DATA 	Keypress: return
41.8079 	EXP 	New trial (rep=0, index=1): {'cueSerialPos': 5, 'rightResponseFirst': False, 'leftStreamFlip': False, 'rightStreamFlip': False, 'wordEccentricity': 5, 'bin': ['boat', 'foot', 'site', 'jump', 'pair', 'ring', 'list', 'cake', 'sale', 'farm', 'post', 'send', 'dish', 'drop', 'self', 'role', 'kick', 'card', 'shut', 'pain', 'roll', 'band', 'fear', 'none', 'grow', 'date', 'dark', 'hall', 'deep', 'bird', 'hurt', 'flat', 'wine', 'cash', 'slow', 'rich', 'type', 'fell', 'pull', 'till', 'tree', 'sign', 'warm', 'goal', 'keen', 'sing', 'wear', 'push', 'bear', 'wild', 'glad', 'draw', 'rate', 'hang'], 'hemifield': 1}
42.0134 	EXP 	Sound  set volume 0.800
42.0134 	EXP 	Sound  set volume 1.000
42.0134 	EXP 	Sound  set volume 0.800
50.1362 	EXP 	window1: recordFrameIntervals = False
50.8537 	DATA 	Keypress: a
51.4534 	DATA 	Keypress: return
51.7701 	DATA 	Keypress: k
52.1867 	DATA 	Keypress: return
52.6994 	EXP 	New trial (rep=0, index=2): {'cueSerialPos': 5, 'rightResponseFirst': True, 'leftStreamFlip': False, 'rightStreamFlip': False, 'wordEccentricity': 5, 'bin': ['boat', 'foot', 'site', 'jump', 'pair', 'ring', 'list', 'cake', 'sale', 'farm', 'post', 'send', 'dish', 'drop', 'self', 'role', 'kick', 'card', 'shut', 'pain', 'roll', 'band', 'fear', 'none', 'grow', 'date', 'dark', 'hall', 'deep', 'bird', 'hurt', 'flat', 'wine', 'cash', 'slow', 'rich', 'type', 'fell', 'pull', 'till', 'tree', 'sign', 'warm', 'goal', 'keen', 'sing', 'wear', 'push', 'bear', 'wild', 'glad', 'draw', 'rate', 'hang'], 'hemifield': -1}
52.8960 	EXP 	Sound  set volume 0.800
52.8960 	EXP 	Sound  set volume 1.000
52.8961 	EXP 	Sound  set volume 0.800
61.2859 	EXP 	window1: recordFrameIntervals = False
62.3706 	DATA 	Keypress: i
62.7197 	DATA 	Keypress: return
63.0709 	DATA 	Keypress: g
63.4373 	DATA 	Keypress: return
63.9410 	EXP 	New trial (rep=0, index=3): {'cueSerialPos': 10, 'rightResponseFirst': False, 'leftStreamFlip': False, 'rightStreamFlip': False, 'wordEccentricity': 5, 'bin': ['weak', 'fate', 'worn', 'heir', 'bake', 'vase', 'wire', 'pure', 'rope', 'seal', 'babe', 'seed', 'mill', 'dust', 'chap', 'belt', 'core', 'claw', 'aunt', 'hook', 'ding', 'soil', 'harm', 'flog', 'gear', 'pole', 'chip', 'hung', 'buzz', 'leaf', 'slip', 'tale', 'knee', 'flow', 'drew', 'dive', 'shed', 'duke', 'barn', 'ward', 'peak', 'coal', 'gate', 'deer', 'posh', 'bull', 'pipe', 'gang', 'cell', 'menu', 'loan', 'folk', 'tube', 'damp'], 'hemifield': -1}
64.1297 	EXP 	Sound  set volume 0.800
64.1297 	EXP 	Sound  set volume 1.000
64.1297 	EXP 	Sound  set volume 0.800
72.4030 	EXP 	window1: recordFrameIntervals = False
73.2197 	DATA 	Keypress: a
74.1203 	DATA 	Keypress: return
74.6211 	DATA 	Keypress: u
75.7716 	DATA 	Keypress: return
76.2747 	EXP 	New trial (rep=0, index=4): {'cueSerialPos': 10, 'rightResponseFirst': False, 'leftStreamFlip': False, 'rightStreamFlip': False, 'wordEccentricity': 5, 'bin': ['heat', 'chef', 'seat', 'bowl', 'wide', 'debt', 'rise', 'snow', 'moon', 'mess', 'bath', 'milk', 'fuel', 'hill', 'skin', 'duty', 'clue', 'wake', 'rule', 'kiss', 'note', 'fill', 'sick', 'bang', 'task', 'base', 'boss', 'plus', 'ride', 'mile', 'calm', 'hide', 'loss', 'neck', 'rare', 'feed', 'roof', 'pack', 'crew', 'wood', 'mail', 'lack', 'nose', 'trip', 'lift', 'rose', 'soft', 'hole', 'ship', 'tour', 'fund', 'lamb', 'blow', 'male'], 'hemifield': 1}
76.4628 	EXP 	Sound  set volume 0.800
76.4629 	EXP 	Sound  set volume 1.000
76.4629 	EXP 	Sound  set volume 0.800
84.5867 	EXP 	window1: recordFrameIntervals = False
85.3541 	DATA 	Keypress: c
86.6529 	DATA 	Keypress: return
89.9528 	DATA 	Keypress: z
90.5699 	DATA 	Keypress: return
90.5715 	WARNING 	Response was not present in the stimulus stream
91.0824 	EXP 	New trial (rep=0, index=5): {'cueSerialPos': 11, 'rightResponseFirst': False, 'leftStreamFlip': False, 'rightStreamFlip': False, 'wordEccentricity': 5, 'bin': ['heat', 'chef', 'seat', 'bowl', 'wide', 'debt', 'rise', 'snow', 'moon', 'mess', 'bath', 'milk', 'fuel', 'hill', 'skin', 'duty', 'clue', 'wake', 'rule', 'kiss', 'note', 'fill', 'sick', 'bang', 'task', 'base', 'boss', 'plus', 'ride', 'mile', 'calm', 'hide', 'loss', 'neck', 'rare', 'feed', 'roof', 'pack', 'crew', 'wood', 'mail', 'lack', 'nose', 'trip', 'lift', 'rose', 'soft', 'hole', 'ship', 'tour', 'fund', 'lamb', 'blow', 'male'], 'hemifield': 1}
91.2788 	EXP 	Sound  set volume 0.800
91.2788 	EXP 	Sound  set volume 1.000
91.2789 	EXP 	Sound  set volume 0.800
99.4687 	EXP 	window1: recordFrameIntervals = False
100.8199 	DATA 	Keypress: e
101.4868 	DATA 	Keypress: return
101.8705 	DATA 	Keypress: m
102.8366 	DATA 	Keypress: return
103.3410 	EXP 	New trial (rep=0, index=6): {'cueSerialPos': 6, 'rightResponseFirst': False, 'leftStreamFlip': False, 'rightStreamFlip': False, 'wordEccentricity': 5, 'bin': ['heat', 'chef', 'seat', 'bowl', 'wide', 'debt', 'rise', 'snow', 'moon', 'mess', 'bath', 'milk', 'fuel', 'hill', 'skin', 'duty', 'clue', 'wake', 'rule', 'kiss', 'note', 'fill', 'sick', 'bang', 'task', 'base', 'boss', 'plus', 'ride', 'mile', 'calm', 'hide', 'loss', 'neck', 'rare', 'feed', 'roof', 'pack', 'crew', 'wood', 'mail', 'lack', 'nose', 'trip', 'lift', 'rose', 'soft', 'hole', 'ship', 'tour', 'fund', 'lamb', 'blow', 'male'], 'hemifield': 1}
103.5284 	EXP 	Sound  set volume 0.800
103.5284 	EXP 	Sound  set volume 1.000
103.5284 	EXP 	Sound  set volume 0.800
111.9863 	EXP 	window1: recordFrameIntervals = False
112.9039 	DATA 	Keypress: escape
113.3862 	DATA 	Keypress: escape
113.4016 	INFO 	Experiment will have 192 trials. Letters will be drawn with superposed noise of 0.00%
113.4016 	INFO 	Experiment will have 192 trials. Letters will be drawn with superposed noise of 0.00%
113.4016 	INFO 	Finishing at 11:06 on 14 May 2019
113.4017 	ERROR 	user aborted experiment on keypress with trials done=0 of 193
113.6708 	EXP 	window1: mouseVisible = True
