95.3756 	WARNING 	User requested fullscreen with size [3360 2100], but screen is actually [1680, 1050]. Using actual size
96.3120 	INFO 	Successfully set darwin thread to realtime
97.3777 	INFO 	#[ PsychoPy3 RuntimeInfoStart ]
  #[[ PsychoPy ]] #---------
    psychopyVersion: 3.0.7
    psychopyHaveExtRush: True
  #[[ Experiment ]] #---------
    experimentRunTime: 2019_05_14 11:00 (Year_Month_Day Hour:Min)
    experimentRunTime.epoch: 1557846011
    experimentScript: mbl_basedOn350msSOA.py
    experimentScript.digestSHA1: 938d8b9285bfd8dafcf3b1dafa8beac86c60220e
    experimentScript.directory: /Users/alexh/Documents/attention_tempresltn/letters_words/McCloskey_patient/RansleyExperimentWordsLettersRSVP/wordsLettersRSVP
  #[[ System ]] #---------
    systemHaveInternetAccess: True
    systemHostName: Alexs-MacBook-Pro.local
    systemLocale: C
    systemMemFreeRAM: 7545.953125
    systemMemTotalRAM: 16384.0
    systemPlatform: darwin 10.14.4 x86_64
    systemPyoVersion: -
    systemRavailable: R version 3.5.1 (2018-07-02) -- Feather Spray
    systemRebooted: May 14 10:13
    systemSec.OpenSSLVersion: LibreSSL 2.6.5
    systemSec.pythonSSL: True
    systemTimeNumpySD1000000_sec: 0.0032
    systemUser: alex
    systemUserID: 502
    systemUsersCount: 1
  #[[ Window ]] #---------
    windowWinType: pyglet
    windowUnits: deg
    windowSize_pix: [3360 2100]
    windowScreen: 0
    windowRgb: [-0.7 -0.7 -0.7]
    windowRefreshTimeSD_ms: 0.347
    windowRefreshTimeMedian_ms: 16.660
    windowRefreshTimeAvg_ms: 16.665
    windowPos_pix: [0.0, 0.0]
    windowMonitor.name: testmonitor
    windowMonitor.getWidth_cm: 52.0
    windowMonitor.getDistance_cm: 57.0
    windowMonitor.currentCalibName: 2019_02_27 21:46
    windowIsFullScr: True
  #[[ Python ]] #---------
    pythonVersion: 3.6.1
  #[[ OpenGL ]] #---------
#[ PsychoPy3 RuntimeInfoEnd ]

97.6441 	EXP 	Created sequence: random, trialTypes=192, nReps=1, seed=None
97.7729 	EXP 	Created sequence: random, trialTypes=192, nReps=1, seed=None
97.7737 	EXP 	Created sequence: random, trialTypes=192, nReps=1, seed=None
97.7744 	EXP 	Created sequence: random, trialTypes=2, nReps=1, seed=None
97.7749 	EXP 	Created sequence: random, trialTypes=2, nReps=1, seed=None
97.7752 	INFO 	numtrials=192 and each trialDurFrames=378 or 6300.0 ms  task=T1
97.7830 	INFO 	Experiment will have 192 trials. Letters will be drawn with superposed noise of 0.00%
97.7830 	INFO 	Experiment will have 192 trials. Letters will be drawn with superposed noise of 0.00%
97.7830 	INFO 	Starting main (non-staircase) part of experiment
97.7832 	EXP 	New trial (rep=0, index=0): {'cueSerialPos': 8, 'rightResponseFirst': True, 'leftStreamFlip': False, 'rightStreamFlip': False, 'wordEccentricity': 5, 'bin': ['cope', 'lane', 'loud', 'sake', 'joke', 'mass', 'duck', 'path', 'fake', 'bomb', 'tall', 'load', 'tune', 'sand', 'camp', 'fail', 'zone', 'golf', 'mood', 'vast', 'beef', 'cast', 'soup', 'coat', 'grew', 'beer', 'quiz', 'boom', 'bone', 'spin', 'tail', 'wave', 'wing', 'pool', 'wise', 'gift', 'bite', 'thin', 'code', 'page', 'wash', 'lake', 'drug', 'rent', 'meal', 'swim', 'grab', 'suit', 'soul', 'flag', 'bond', 'port', 'firm', 'rice'], 'hemifield': -1}
97.9955 	EXP 	Sound  set volume 0.800
97.9955 	EXP 	Sound  set volume 1.000
97.9956 	EXP 	Sound  set volume 0.800
105.8315 	EXP 	window1: recordFrameIntervals = False
105.8485 	ERROR 	trialnum=0 ERROR,1 frames were longer than 21.67 ms apparently screen refreshes skipped, interframe durs were:[52.9] and was these frames: [171]
105.8487 	INFO 	flankers also=[16.8 52.9 13.7]
184.6083 	DATA 	Keypress: q
185.6982 	DATA 	Keypress: return
186.3657 	DATA 	Keypress: q
188.5986 	DATA 	Keypress: return
188.5996 	WARNING 	Response was not present in the stimulus stream
188.5999 	WARNING 	Response was not present in the stimulus stream
189.1113 	EXP 	New trial (rep=0, index=1): {'cueSerialPos': 8, 'rightResponseFirst': True, 'leftStreamFlip': False, 'rightStreamFlip': False, 'wordEccentricity': 5, 'bin': ['land', 'size', 'save', 'race', 'born', 'pass', 'lord', 'wish', 'rock', 'cold', 'safe', 'seem', 'test', 'rain', 'gold', 'fish', 'club', 'walk', 'view', 'hour', 'mine', 'cool', 'star', 'nine', 'main', 'felt', 'dear', 'read', 'join', 'poor', 'wall', 'term', 'park', 'wife', 'near', 'song', 'lead', 'fast', 'beat', 'cook', 'cost', 'blue', 'sent', 'fire', 'king', 'step', 'fair', 'form', 'east', 'fall', 'hair', 'vote', 'feet', 'shop'], 'hemifield': 1}
189.3080 	EXP 	Sound  set volume 0.800
189.3080 	EXP 	Sound  set volume 1.000
189.3081 	EXP 	Sound  set volume 0.800
196.8970 	EXP 	window1: recordFrameIntervals = False
197.9991 	DATA 	Keypress: v
198.4978 	DATA 	Keypress: return
198.9327 	DATA 	Keypress: t
199.4143 	DATA 	Keypress: return
199.9178 	EXP 	New trial (rep=0, index=2): {'cueSerialPos': 7, 'rightResponseFirst': False, 'leftStreamFlip': False, 'rightStreamFlip': False, 'wordEccentricity': 5, 'bin': ['peel', 'bend', 'quit', 'whip', 'rang', 'muck', 'mild', 'cage', 'beep', 'skip', 'snap', 'sail', 'shoe', 'twin', 'bass', 'raid', 'tray', 'doll', 'loft', 'flip', 'hire', 'wolf', 'mint', 'tone', 'lazy', 'bust', 'pity', 'cent', 'hoot', 'lean', 'grip', 'crop', 'goat', 'herd', 'gulf', 'wool', 'coin', 'poll', 'lamp', 'foul', 'mask', 'woof', 'blew', 'roar', 'tick', 'frog', 'jazz', 'lump', 'stir', 'tart', 'glue', 'horn', 'soap', 'drag'], 'hemifield': 1}
200.1083 	EXP 	Sound  set volume 0.800
200.1083 	EXP 	Sound  set volume 1.000
200.1084 	EXP 	Sound  set volume 0.800
207.9467 	EXP 	window1: recordFrameIntervals = False
208.9807 	DATA 	Keypress: h
209.4656 	DATA 	Keypress: return
210.3329 	DATA 	Keypress: r
210.7309 	DATA 	Keypress: return
211.2340 	EXP 	New trial (rep=0, index=3): {'cueSerialPos': 9, 'rightResponseFirst': True, 'leftStreamFlip': False, 'rightStreamFlip': False, 'wordEccentricity': 5, 'bin': ['land', 'size', 'save', 'race', 'born', 'pass', 'lord', 'wish', 'rock', 'cold', 'safe', 'seem', 'test', 'rain', 'gold', 'fish', 'club', 'walk', 'view', 'hour', 'mine', 'cool', 'star', 'nine', 'main', 'felt', 'dear', 'read', 'join', 'poor', 'wall', 'term', 'park', 'wife', 'near', 'song', 'lead', 'fast', 'beat', 'cook', 'cost', 'blue', 'sent', 'fire', 'king', 'step', 'fair', 'form', 'east', 'fall', 'hair', 'vote', 'feet', 'shop'], 'hemifield': -1}
211.4245 	EXP 	Sound  set volume 0.800
211.4246 	EXP 	Sound  set volume 1.000
211.4246 	EXP 	Sound  set volume 0.800
219.0471 	EXP 	window1: recordFrameIntervals = False
222.0985 	DATA 	Keypress: x
222.9310 	DATA 	Keypress: return
223.3826 	DATA 	Keypress: p
223.8809 	DATA 	Keypress: return
224.3850 	EXP 	New trial (rep=0, index=4): {'cueSerialPos': 5, 'rightResponseFirst': True, 'leftStreamFlip': False, 'rightStreamFlip': False, 'wordEccentricity': 5, 'bin': ['weak', 'fate', 'worn', 'heir', 'bake', 'vase', 'wire', 'pure', 'rope', 'seal', 'babe', 'seed', 'mill', 'dust', 'chap', 'belt', 'core', 'claw', 'aunt', 'hook', 'ding', 'soil', 'harm', 'flog', 'gear', 'pole', 'chip', 'hung', 'buzz', 'leaf', 'slip', 'tale', 'knee', 'flow', 'drew', 'dive', 'shed', 'duke', 'barn', 'ward', 'peak', 'coal', 'gate', 'deer', 'posh', 'bull', 'pipe', 'gang', 'cell', 'menu', 'loan', 'folk', 'tube', 'damp'], 'hemifield': 1}
224.5745 	EXP 	Sound  set volume 0.800
224.5745 	EXP 	Sound  set volume 1.000
224.5745 	EXP 	Sound  set volume 0.800
232.3467 	EXP 	window1: recordFrameIntervals = False
233.8159 	DATA 	Keypress: u
234.9150 	DATA 	Keypress: return
235.3654 	DATA 	Keypress: p
236.1475 	DATA 	Keypress: return
236.6514 	EXP 	New trial (rep=0, index=5): {'cueSerialPos': 10, 'rightResponseFirst': True, 'leftStreamFlip': False, 'rightStreamFlip': False, 'wordEccentricity': 5, 'bin': ['weak', 'fate', 'worn', 'heir', 'bake', 'vase', 'wire', 'pure', 'rope', 'seal', 'babe', 'seed', 'mill', 'dust', 'chap', 'belt', 'core', 'claw', 'aunt', 'hook', 'ding', 'soil', 'harm', 'flog', 'gear', 'pole', 'chip', 'hung', 'buzz', 'leaf', 'slip', 'tale', 'knee', 'flow', 'drew', 'dive', 'shed', 'duke', 'barn', 'ward', 'peak', 'coal', 'gate', 'deer', 'posh', 'bull', 'pipe', 'gang', 'cell', 'menu', 'loan', 'folk', 'tube', 'damp'], 'hemifield': 1}
236.8406 	EXP 	Sound  set volume 0.800
236.8406 	EXP 	Sound  set volume 1.000
236.8406 	EXP 	Sound  set volume 0.800
244.6804 	EXP 	window1: recordFrameIntervals = False
261.3140 	DATA 	Keypress: h
265.6978 	DATA 	Keypress: return
270.8819 	DATA 	Keypress: v
271.8308 	DATA 	Keypress: return
272.3436 	EXP 	New trial (rep=0, index=6): {'cueSerialPos': 10, 'rightResponseFirst': False, 'leftStreamFlip': False, 'rightStreamFlip': False, 'wordEccentricity': 5, 'bin': ['weak', 'fate', 'worn', 'heir', 'bake', 'vase', 'wire', 'pure', 'rope', 'seal', 'babe', 'seed', 'mill', 'dust', 'chap', 'belt', 'core', 'claw', 'aunt', 'hook', 'ding', 'soil', 'harm', 'flog', 'gear', 'pole', 'chip', 'hung', 'buzz', 'leaf', 'slip', 'tale', 'knee', 'flow', 'drew', 'dive', 'shed', 'duke', 'barn', 'ward', 'peak', 'coal', 'gate', 'deer', 'posh', 'bull', 'pipe', 'gang', 'cell', 'menu', 'loan', 'folk', 'tube', 'damp'], 'hemifield': 1}
272.5405 	EXP 	Sound  set volume 0.800
272.5405 	EXP 	Sound  set volume 1.000
272.5406 	EXP 	Sound  set volume 0.800
280.3128 	EXP 	window1: recordFrameIntervals = False
282.0143 	DATA 	Keypress: n
283.1638 	DATA 	Keypress: return
283.8812 	DATA 	Keypress: k
284.6624 	DATA 	Keypress: return
285.1662 	EXP 	New trial (rep=0, index=7): {'cueSerialPos': 11, 'rightResponseFirst': False, 'leftStreamFlip': False, 'rightStreamFlip': False, 'wordEccentricity': 5, 'bin': ['peel', 'bend', 'quit', 'whip', 'rang', 'muck', 'mild', 'cage', 'beep', 'skip', 'snap', 'sail', 'shoe', 'twin', 'bass', 'raid', 'tray', 'doll', 'loft', 'flip', 'hire', 'wolf', 'mint', 'tone', 'lazy', 'bust', 'pity', 'cent', 'hoot', 'lean', 'grip', 'crop', 'goat', 'herd', 'gulf', 'wool', 'coin', 'poll', 'lamp', 'foul', 'mask', 'woof', 'blew', 'roar', 'tick', 'frog', 'jazz', 'lump', 'stir', 'tart', 'glue', 'horn', 'soap', 'drag'], 'hemifield': -1}
285.3559 	EXP 	Sound  set volume 0.800
285.3559 	EXP 	Sound  set volume 1.000
285.3560 	EXP 	Sound  set volume 0.800
293.1450 	EXP 	window1: recordFrameIntervals = False
294.4145 	DATA 	Keypress: a
298.5303 	DATA 	Keypress: return
299.5648 	DATA 	Keypress: o
300.4967 	DATA 	Keypress: return
300.4982 	WARNING 	Response was not present in the stimulus stream
301.0093 	EXP 	New trial (rep=0, index=8): {'cueSerialPos': 5, 'rightResponseFirst': False, 'leftStreamFlip': False, 'rightStreamFlip': False, 'wordEccentricity': 5, 'bin': ['heat', 'chef', 'seat', 'bowl', 'wide', 'debt', 'rise', 'snow', 'moon', 'mess', 'bath', 'milk', 'fuel', 'hill', 'skin', 'duty', 'clue', 'wake', 'rule', 'kiss', 'note', 'fill', 'sick', 'bang', 'task', 'base', 'boss', 'plus', 'ride', 'mile', 'calm', 'hide', 'loss', 'neck', 'rare', 'feed', 'roof', 'pack', 'crew', 'wood', 'mail', 'lack', 'nose', 'trip', 'lift', 'rose', 'soft', 'hole', 'ship', 'tour', 'fund', 'lamb', 'blow', 'male'], 'hemifield': 1}
301.2058 	EXP 	Sound  set volume 0.800
301.2058 	EXP 	Sound  set volume 1.000
301.2059 	EXP 	Sound  set volume 0.800
301.5429 	DATA 	Keypress: escape
309.0961 	EXP 	window1: recordFrameIntervals = False
309.6810 	DATA 	Keypress: escape
310.6631 	DATA 	Keypress: escape
310.6788 	INFO 	Experiment will have 192 trials. Letters will be drawn with superposed noise of 0.00%
310.6789 	INFO 	Experiment will have 192 trials. Letters will be drawn with superposed noise of 0.00%
310.6789 	INFO 	Finishing at 11:03 on 14 May 2019
310.6789 	ERROR 	user aborted experiment on keypress with trials done=0 of 193
310.9476 	EXP 	window1: mouseVisible = True
