20.9687 	WARNING 	User requested fullscreen with size [3360 2100], but screen is actually [1680, 1050]. Using actual size
21.8717 	INFO 	Successfully set darwin thread to realtime
22.9324 	INFO 	#[ PsychoPy3 RuntimeInfoStart ]
  #[[ PsychoPy ]] #---------
    psychopyVersion: 3.0.7
    psychopyHaveExtRush: True
  #[[ Experiment ]] #---------
    experimentRunTime: 2019_04_26 11:50 (Year_Month_Day Hour:Min)
    experimentRunTime.epoch: 1556293839
    experimentScript: DualRSVPWithWordsAndLettersWithEyetrackingPython3.py
    experimentScript.digestSHA1: e0beda03f302ab2e3271fc41367fff04f7932b3b
    experimentScript.directory: /Users/alexh/Documents/attention_tempresltn/letters_words/McCloskey_patient/RansleyExperimentWordsLettersRSVP/wordsLettersRSVP
  #[[ System ]] #---------
    systemHaveInternetAccess: True
    systemHostName: Alexs-MacBook-Pro.local
    systemLocale: C
    systemMemFreeRAM: 7910.97265625
    systemMemTotalRAM: 16384.0
    systemPlatform: darwin 10.14.4 x86_64
    systemPyoVersion: -
    systemRavailable: R version 3.5.1 (2018-07-02) -- Feather Spray
    systemRebooted: Apr 25 16:50
    systemSec.OpenSSLVersion: LibreSSL 2.6.5
    systemSec.pythonSSL: True
    systemTimeNumpySD1000000_sec: 0.0039
    systemUser: alex
    systemUserID: 502
    systemUsersCount: 1
  #[[ Window ]] #---------
    windowWinType: pyglet
    windowUnits: deg
    windowSize_pix: [3360 2100]
    windowScreen: 0
    windowRgb: [-0.7 -0.7 -0.7]
    windowRefreshTimeSD_ms: 0.565
    windowRefreshTimeMedian_ms: 16.700
    windowRefreshTimeAvg_ms: 16.676
    windowPos_pix: [0.0, 0.0]
    windowMonitor.name: testmonitor
    windowMonitor.getWidth_cm: 52.0
    windowMonitor.getDistance_cm: 57.0
    windowMonitor.currentCalibName: 2019_02_27 21:46
    windowIsFullScr: True
  #[[ Python ]] #---------
    pythonVersion: 3.6.1
  #[[ OpenGL ]] #---------
#[ PsychoPy3 RuntimeInfoEnd ]

23.2024 	EXP 	Created sequence: random, trialTypes=192, nReps=1, seed=None
23.3280 	EXP 	Created sequence: random, trialTypes=192, nReps=1, seed=None
23.3288 	EXP 	Created sequence: random, trialTypes=192, nReps=1, seed=None
23.3295 	EXP 	Created sequence: random, trialTypes=2, nReps=1, seed=None
23.3302 	EXP 	Created sequence: random, trialTypes=2, nReps=1, seed=None
23.3305 	INFO 	numtrials=192 and each trialDurFrames=360 or 6000.0 ms  task=T1
23.3389 	INFO 	Experiment will have 192 trials. Letters will be drawn with superposed noise of 0.00%
23.3389 	INFO 	Experiment will have 192 trials. Letters will be drawn with superposed noise of 0.00%
23.3389 	INFO 	Starting main (non-staircase) part of experiment
23.3393 	EXP 	New trial (rep=0, index=0): {'cueSerialPos': 8, 'rightResponseFirst': True, 'leftStreamFlip': False, 'rightStreamFlip': False, 'wordEccentricity': 5, 'bin': ['boat', 'foot', 'site', 'jump', 'pair', 'ring', 'list', 'cake', 'sale', 'farm', 'post', 'send', 'dish', 'drop', 'self', 'role', 'kick', 'card', 'shut', 'pain', 'roll', 'band', 'fear', 'none', 'grow', 'date', 'dark', 'hall', 'deep', 'bird', 'hurt', 'flat', 'wine', 'cash', 'slow', 'rich', 'type', 'fell', 'pull', 'till', 'tree', 'sign', 'warm', 'goal', 'keen', 'sing', 'wear', 'push', 'bear', 'wild', 'glad', 'draw', 'rate', 'hang'], 'hemifield': -1}
23.5676 	EXP 	Sound  set volume 0.800
23.5677 	EXP 	Sound  set volume 1.000
23.5677 	EXP 	Sound  set volume 0.800
30.8708 	EXP 	window1: recordFrameIntervals = False
30.8873 	ERROR 	trialnum=0 ERROR,1 frames were longer than 21.67 ms apparently screen refreshes skipped, interframe durs were:[49.4] and was these frames: [167]
30.8875 	INFO 	flankers also=[15.7 49.4 17.1]
33.7970 	DATA 	Keypress: l
35.3387 	DATA 	Keypress: return
100.6821 	DATA 	Keypress: h
101.8041 	DATA 	Keypress: return
102.3172 	EXP 	New trial (rep=0, index=1): {'cueSerialPos': 10, 'rightResponseFirst': True, 'leftStreamFlip': False, 'rightStreamFlip': False, 'wordEccentricity': 5, 'bin': ['boat', 'foot', 'site', 'jump', 'pair', 'ring', 'list', 'cake', 'sale', 'farm', 'post', 'send', 'dish', 'drop', 'self', 'role', 'kick', 'card', 'shut', 'pain', 'roll', 'band', 'fear', 'none', 'grow', 'date', 'dark', 'hall', 'deep', 'bird', 'hurt', 'flat', 'wine', 'cash', 'slow', 'rich', 'type', 'fell', 'pull', 'till', 'tree', 'sign', 'warm', 'goal', 'keen', 'sing', 'wear', 'push', 'bear', 'wild', 'glad', 'draw', 'rate', 'hang'], 'hemifield': -1}
102.5129 	EXP 	Sound  set volume 0.800
102.5129 	EXP 	Sound  set volume 1.000
102.5130 	EXP 	Sound  set volume 0.800
109.8874 	EXP 	window1: recordFrameIntervals = False
116.9698 	DATA 	Keypress: q
118.2195 	DATA 	Keypress: return
118.8211 	DATA 	Keypress: l
120.7871 	DATA 	Keypress: return
121.2908 	EXP 	New trial (rep=0, index=2): {'cueSerialPos': 9, 'rightResponseFirst': False, 'leftStreamFlip': False, 'rightStreamFlip': False, 'wordEccentricity': 5, 'bin': ['land', 'size', 'save', 'race', 'born', 'pass', 'lord', 'wish', 'rock', 'cold', 'safe', 'seem', 'test', 'rain', 'gold', 'fish', 'club', 'walk', 'view', 'hour', 'mine', 'cool', 'star', 'nine', 'main', 'felt', 'dear', 'read', 'join', 'poor', 'wall', 'term', 'park', 'wife', 'near', 'song', 'lead', 'fast', 'beat', 'cook', 'cost', 'blue', 'sent', 'fire', 'king', 'step', 'fair', 'form', 'east', 'fall', 'hair', 'vote', 'feet', 'shop'], 'hemifield': 1}
121.4797 	EXP 	Sound  set volume 0.800
121.4797 	EXP 	Sound  set volume 1.000
121.4798 	EXP 	Sound  set volume 0.800
128.9694 	EXP 	window1: recordFrameIntervals = False
133.0216 	DATA 	Keypress: j
182.5030 	DATA 	Keypress: return
184.3192 	DATA 	Keypress: return
186.1028 	DATA 	Keypress: g
189.4694 	DATA 	Keypress: return
189.9824 	EXP 	New trial (rep=0, index=3): {'cueSerialPos': 7, 'rightResponseFirst': False, 'leftStreamFlip': False, 'rightStreamFlip': False, 'wordEccentricity': 5, 'bin': ['peel', 'bend', 'quit', 'whip', 'rang', 'muck', 'mild', 'cage', 'beep', 'skip', 'snap', 'sail', 'shoe', 'twin', 'bass', 'raid', 'tray', 'doll', 'loft', 'flip', 'hire', 'wolf', 'mint', 'tone', 'lazy', 'bust', 'pity', 'cent', 'hoot', 'lean', 'grip', 'crop', 'goat', 'herd', 'gulf', 'wool', 'coin', 'poll', 'lamp', 'foul', 'mask', 'woof', 'blew', 'roar', 'tick', 'frog', 'jazz', 'lump', 'stir', 'tart', 'glue', 'horn', 'soap', 'drag'], 'hemifield': 1}
190.1790 	EXP 	Sound  set volume 0.800
190.1790 	EXP 	Sound  set volume 1.000
190.1791 	EXP 	Sound  set volume 0.800
197.3357 	EXP 	window1: recordFrameIntervals = False
198.6701 	DATA 	Keypress: m
199.5533 	DATA 	Keypress: return
200.3862 	DATA 	Keypress: l
201.0528 	DATA 	Keypress: return
201.5558 	EXP 	New trial (rep=0, index=4): {'cueSerialPos': 8, 'rightResponseFirst': True, 'leftStreamFlip': False, 'rightStreamFlip': False, 'wordEccentricity': 5, 'bin': ['land', 'size', 'save', 'race', 'born', 'pass', 'lord', 'wish', 'rock', 'cold', 'safe', 'seem', 'test', 'rain', 'gold', 'fish', 'club', 'walk', 'view', 'hour', 'mine', 'cool', 'star', 'nine', 'main', 'felt', 'dear', 'read', 'join', 'poor', 'wall', 'term', 'park', 'wife', 'near', 'song', 'lead', 'fast', 'beat', 'cook', 'cost', 'blue', 'sent', 'fire', 'king', 'step', 'fair', 'form', 'east', 'fall', 'hair', 'vote', 'feet', 'shop'], 'hemifield': -1}
201.7462 	EXP 	Sound  set volume 0.800
201.7462 	EXP 	Sound  set volume 1.000
201.7462 	EXP 	Sound  set volume 0.800
209.1020 	EXP 	window1: recordFrameIntervals = False
211.0194 	DATA 	Keypress: escape
211.5371 	DATA 	Keypress: escape
211.5514 	INFO 	Experiment will have 192 trials. Letters will be drawn with superposed noise of 0.00%
211.5514 	INFO 	Experiment will have 192 trials. Letters will be drawn with superposed noise of 0.00%
211.5514 	INFO 	Finishing at 11:53 on 26 Apr 2019
211.5514 	ERROR 	user aborted experiment on keypress with trials done=0 of 193
211.8204 	EXP 	window1: mouseVisible = True
