14.5968 	WARNING 	User requested fullscreen with size [3360 2100], but screen is actually [1680, 1050]. Using actual size
15.3950 	INFO 	Successfully set darwin thread to realtime
16.4631 	INFO 	#[ PsychoPy3 RuntimeInfoStart ]
  #[[ PsychoPy ]] #---------
    psychopyVersion: 3.0.7
    psychopyHaveExtRush: True
  #[[ Experiment ]] #---------
    experimentRunTime: 2019_04_26 11:56 (Year_Month_Day Hour:Min)
    experimentRunTime.epoch: 1556294195
    experimentScript: DualRSVPWithWordsAndLettersWithEyetrackingPython3.py
    experimentScript.digestSHA1: d69106886cbbc20c13c4f49279c22a054e4a6df1
    experimentScript.directory: /Users/alexh/Documents/attention_tempresltn/letters_words/McCloskey_patient/RansleyExperimentWordsLettersRSVP/wordsLettersRSVP
  #[[ System ]] #---------
    systemHaveInternetAccess: True
    systemHostName: Alexs-MacBook-Pro.local
    systemLocale: C
    systemMemFreeRAM: 7915.68359375
    systemMemTotalRAM: 16384.0
    systemPlatform: darwin 10.14.4 x86_64
    systemPyoVersion: -
    systemRavailable: R version 3.5.1 (2018-07-02) -- Feather Spray
    systemRebooted: Apr 25 16:50
    systemSec.OpenSSLVersion: LibreSSL 2.6.5
    systemSec.pythonSSL: True
    systemTimeNumpySD1000000_sec: 0.0032
    systemUser: alex
    systemUserID: 502
    systemUsersCount: 1
  #[[ Window ]] #---------
    windowWinType: pyglet
    windowUnits: deg
    windowSize_pix: [3360 2100]
    windowScreen: 0
    windowRgb: [-0.7 -0.7 -0.7]
    windowRefreshTimeSD_ms: 0.551
    windowRefreshTimeMedian_ms: 16.691
    windowRefreshTimeAvg_ms: 16.671
    windowPos_pix: [0.0, 0.0]
    windowMonitor.name: testmonitor
    windowMonitor.getWidth_cm: 52.0
    windowMonitor.getDistance_cm: 57.0
    windowMonitor.currentCalibName: 2019_02_27 21:46
    windowIsFullScr: True
  #[[ Python ]] #---------
    pythonVersion: 3.6.1
  #[[ OpenGL ]] #---------
#[ PsychoPy3 RuntimeInfoEnd ]

16.7014 	EXP 	Created sequence: random, trialTypes=192, nReps=1, seed=None
16.8319 	EXP 	Created sequence: random, trialTypes=192, nReps=1, seed=None
16.8327 	EXP 	Created sequence: random, trialTypes=192, nReps=1, seed=None
16.8332 	EXP 	Created sequence: random, trialTypes=2, nReps=1, seed=None
16.8337 	EXP 	Created sequence: random, trialTypes=2, nReps=1, seed=None
16.8341 	INFO 	numtrials=192 and each trialDurFrames=630 or 10500.0 ms  task=T1
16.8422 	INFO 	Experiment will have 192 trials. Letters will be drawn with superposed noise of 0.00%
16.8422 	INFO 	Experiment will have 192 trials. Letters will be drawn with superposed noise of 0.00%
16.8422 	INFO 	Starting main (non-staircase) part of experiment
16.8425 	EXP 	New trial (rep=0, index=0): {'cueSerialPos': 9, 'rightResponseFirst': True, 'leftStreamFlip': False, 'rightStreamFlip': False, 'wordEccentricity': 5, 'bin': ['land', 'size', 'save', 'race', 'born', 'pass', 'lord', 'wish', 'rock', 'cold', 'safe', 'seem', 'test', 'rain', 'gold', 'fish', 'club', 'walk', 'view', 'hour', 'mine', 'cool', 'star', 'nine', 'main', 'felt', 'dear', 'read', 'join', 'poor', 'wall', 'term', 'park', 'wife', 'near', 'song', 'lead', 'fast', 'beat', 'cook', 'cost', 'blue', 'sent', 'fire', 'king', 'step', 'fair', 'form', 'east', 'fall', 'hair', 'vote', 'feet', 'shop'], 'hemifield': 1}
17.0653 	EXP 	Sound  set volume 0.800
17.0653 	EXP 	Sound  set volume 1.000
17.0654 	EXP 	Sound  set volume 0.800
28.9525 	EXP 	window1: recordFrameIntervals = False
28.9678 	ERROR 	trialnum=0 ERROR,1 frames were longer than 21.67 ms apparently screen refreshes skipped, interframe durs were:[50.9] and was these frames: [152]
28.9680 	INFO 	flankers also=[15.6 50.9 17. ]
30.4288 	DATA 	Keypress: y
32.1356 	DATA 	Keypress: return
33.1539 	DATA 	Keypress: u
58.8522 	DATA 	Keypress: return
59.3556 	EXP 	New trial (rep=0, index=1): {'cueSerialPos': 9, 'rightResponseFirst': True, 'leftStreamFlip': False, 'rightStreamFlip': False, 'wordEccentricity': 5, 'bin': ['weak', 'fate', 'worn', 'heir', 'bake', 'vase', 'wire', 'pure', 'rope', 'seal', 'babe', 'seed', 'mill', 'dust', 'chap', 'belt', 'core', 'claw', 'aunt', 'hook', 'ding', 'soil', 'harm', 'flog', 'gear', 'pole', 'chip', 'hung', 'buzz', 'leaf', 'slip', 'tale', 'knee', 'flow', 'drew', 'dive', 'shed', 'duke', 'barn', 'ward', 'peak', 'coal', 'gate', 'deer', 'posh', 'bull', 'pipe', 'gang', 'cell', 'menu', 'loan', 'folk', 'tube', 'damp'], 'hemifield': -1}
59.5456 	EXP 	Sound  set volume 0.800
59.5456 	EXP 	Sound  set volume 1.000
59.5456 	EXP 	Sound  set volume 0.800
71.4836 	EXP 	window1: recordFrameIntervals = False
73.0360 	DATA 	Keypress: h
74.1696 	DATA 	Keypress: return
74.7195 	DATA 	Keypress: o
76.9528 	DATA 	Keypress: return
77.4678 	EXP 	New trial (rep=0, index=2): {'cueSerialPos': 7, 'rightResponseFirst': False, 'leftStreamFlip': False, 'rightStreamFlip': False, 'wordEccentricity': 5, 'bin': ['heat', 'chef', 'seat', 'bowl', 'wide', 'debt', 'rise', 'snow', 'moon', 'mess', 'bath', 'milk', 'fuel', 'hill', 'skin', 'duty', 'clue', 'wake', 'rule', 'kiss', 'note', 'fill', 'sick', 'bang', 'task', 'base', 'boss', 'plus', 'ride', 'mile', 'calm', 'hide', 'loss', 'neck', 'rare', 'feed', 'roof', 'pack', 'crew', 'wood', 'mail', 'lack', 'nose', 'trip', 'lift', 'rose', 'soft', 'hole', 'ship', 'tour', 'fund', 'lamb', 'blow', 'male'], 'hemifield': -1}
77.6618 	EXP 	Sound  set volume 0.800
77.6618 	EXP 	Sound  set volume 1.000
77.6619 	EXP 	Sound  set volume 0.800
89.7018 	EXP 	window1: recordFrameIntervals = False
91.5531 	DATA 	Keypress: g
92.6027 	DATA 	Keypress: return
93.0520 	DATA 	Keypress: n
93.5193 	DATA 	Keypress: return
94.0230 	EXP 	New trial (rep=0, index=3): {'cueSerialPos': 8, 'rightResponseFirst': False, 'leftStreamFlip': False, 'rightStreamFlip': False, 'wordEccentricity': 5, 'bin': ['peel', 'bend', 'quit', 'whip', 'rang', 'muck', 'mild', 'cage', 'beep', 'skip', 'snap', 'sail', 'shoe', 'twin', 'bass', 'raid', 'tray', 'doll', 'loft', 'flip', 'hire', 'wolf', 'mint', 'tone', 'lazy', 'bust', 'pity', 'cent', 'hoot', 'lean', 'grip', 'crop', 'goat', 'herd', 'gulf', 'wool', 'coin', 'poll', 'lamp', 'foul', 'mask', 'woof', 'blew', 'roar', 'tick', 'frog', 'jazz', 'lump', 'stir', 'tart', 'glue', 'horn', 'soap', 'drag'], 'hemifield': -1}
94.2114 	EXP 	Sound  set volume 0.800
94.2114 	EXP 	Sound  set volume 1.000
94.2114 	EXP 	Sound  set volume 0.800
106.2505 	EXP 	window1: recordFrameIntervals = False
106.8683 	DATA 	Keypress: z
108.0350 	DATA 	Keypress: return
109.3368 	DATA 	Keypress: u
109.8524 	DATA 	Keypress: escape
109.8531 	INFO 	Experiment will have 192 trials. Letters will be drawn with superposed noise of 0.00%
109.8531 	INFO 	Experiment will have 192 trials. Letters will be drawn with superposed noise of 0.00%
109.8532 	INFO 	Finishing at 11:58 on 26 Apr 2019
109.8532 	ERROR 	user aborted experiment on keypress with trials done=0 of 193
110.1213 	EXP 	window1: mouseVisible = True
