48.0469 	WARNING 	User requested fullscreen with size [3360 2100], but screen is actually [1680, 1050]. Using actual size
48.8694 	INFO 	Successfully set darwin thread to realtime
49.9280 	INFO 	#[ PsychoPy3 RuntimeInfoStart ]
  #[[ PsychoPy ]] #---------
    psychopyVersion: 3.0.7
    psychopyHaveExtRush: True
  #[[ Experiment ]] #---------
    experimentRunTime: 2019_04_26 11:44 (Year_Month_Day Hour:Min)
    experimentRunTime.epoch: 1556293459
    experimentScript: DualRSVPWithWordsAndLettersWithEyetrackingPython3.py
    experimentScript.digestSHA1: e0beda03f302ab2e3271fc41367fff04f7932b3b
    experimentScript.directory: /Users/alexh/Documents/attention_tempresltn/letters_words/McCloskey_patient/RansleyExperimentWordsLettersRSVP/wordsLettersRSVP
  #[[ System ]] #---------
    systemHaveInternetAccess: True
    systemHostName: Alexs-MacBook-Pro.local
    systemLocale: C
    systemMemFreeRAM: 7882.86328125
    systemMemTotalRAM: 16384.0
    systemPlatform: darwin 10.14.4 x86_64
    systemPyoVersion: -
    systemRavailable: R version 3.5.1 (2018-07-02) -- Feather Spray
    systemRebooted: Apr 25 16:50
    systemSec.OpenSSLVersion: LibreSSL 2.6.5
    systemSec.pythonSSL: True
    systemTimeNumpySD1000000_sec: 0.0032
    systemUser: alex
    systemUserID: 502
    systemUsersCount: 1
  #[[ Window ]] #---------
    windowWinType: pyglet
    windowUnits: deg
    windowSize_pix: [3360 2100]
    windowScreen: 0
    windowRgb: [-0.7 -0.7 -0.7]
    windowRefreshTimeSD_ms: 0.370
    windowRefreshTimeMedian_ms: 16.680
    windowRefreshTimeAvg_ms: 16.665
    windowPos_pix: [0.0, 0.0]
    windowMonitor.name: testmonitor
    windowMonitor.getWidth_cm: 52.0
    windowMonitor.getDistance_cm: 57.0
    windowMonitor.currentCalibName: 2019_02_27 21:46
    windowIsFullScr: True
  #[[ Python ]] #---------
    pythonVersion: 3.6.1
  #[[ OpenGL ]] #---------
#[ PsychoPy3 RuntimeInfoEnd ]

50.2027 	EXP 	Created sequence: random, trialTypes=192, nReps=1, seed=None
50.3307 	EXP 	Created sequence: random, trialTypes=192, nReps=1, seed=None
50.3315 	EXP 	Created sequence: random, trialTypes=192, nReps=1, seed=None
50.3320 	EXP 	Created sequence: random, trialTypes=2, nReps=1, seed=None
50.3325 	EXP 	Created sequence: random, trialTypes=2, nReps=1, seed=None
50.3330 	INFO 	numtrials=192 and each trialDurFrames=360 or 6000.0 ms  task=T1
50.3409 	INFO 	Experiment will have 192 trials. Letters will be drawn with superposed noise of 0.00%
50.3409 	INFO 	Experiment will have 192 trials. Letters will be drawn with superposed noise of 0.00%
50.3409 	INFO 	Starting main (non-staircase) part of experiment
50.3411 	EXP 	New trial (rep=0, index=0): {'cueSerialPos': 8, 'rightResponseFirst': True, 'leftStreamFlip': False, 'rightStreamFlip': False, 'wordEccentricity': 5, 'bin': ['land', 'size', 'save', 'race', 'born', 'pass', 'lord', 'wish', 'rock', 'cold', 'safe', 'seem', 'test', 'rain', 'gold', 'fish', 'club', 'walk', 'view', 'hour', 'mine', 'cool', 'star', 'nine', 'main', 'felt', 'dear', 'read', 'join', 'poor', 'wall', 'term', 'park', 'wife', 'near', 'song', 'lead', 'fast', 'beat', 'cook', 'cost', 'blue', 'sent', 'fire', 'king', 'step', 'fair', 'form', 'east', 'fall', 'hair', 'vote', 'feet', 'shop'], 'hemifield': 1}
50.5636 	EXP 	Sound  set volume 0.800
50.5636 	EXP 	Sound  set volume 1.000
50.5637 	EXP 	Sound  set volume 0.800
58.1331 	EXP 	window1: recordFrameIntervals = False
58.1483 	ERROR 	trialnum=0 ERROR,1 frames were longer than 21.67 ms apparently screen refreshes skipped, interframe durs were:[50.8] and was these frames: [158]
58.1485 	INFO 	flankers also=[17.  50.8 16.1]
65.6677 	DATA 	Keypress: k
66.5172 	DATA 	Keypress: return
68.0173 	DATA 	Keypress: b
68.9487 	DATA 	Keypress: return
69.4524 	EXP 	New trial (rep=0, index=1): {'cueSerialPos': 12, 'rightResponseFirst': True, 'leftStreamFlip': False, 'rightStreamFlip': False, 'wordEccentricity': 5, 'bin': ['peel', 'bend', 'quit', 'whip', 'rang', 'muck', 'mild', 'cage', 'beep', 'skip', 'snap', 'sail', 'shoe', 'twin', 'bass', 'raid', 'tray', 'doll', 'loft', 'flip', 'hire', 'wolf', 'mint', 'tone', 'lazy', 'bust', 'pity', 'cent', 'hoot', 'lean', 'grip', 'crop', 'goat', 'herd', 'gulf', 'wool', 'coin', 'poll', 'lamp', 'foul', 'mask', 'woof', 'blew', 'roar', 'tick', 'frog', 'jazz', 'lump', 'stir', 'tart', 'glue', 'horn', 'soap', 'drag'], 'hemifield': 1}
69.6591 	EXP 	Sound  set volume 0.800
69.6591 	EXP 	Sound  set volume 1.000
69.6591 	EXP 	Sound  set volume 0.800
77.0320 	EXP 	window1: recordFrameIntervals = False
219.7316 	DATA 	Keypress: k
221.1475 	DATA 	Keypress: return
221.5475 	DATA 	Keypress: l
221.9477 	DATA 	Keypress: return
222.4602 	EXP 	New trial (rep=0, index=2): {'cueSerialPos': 10, 'rightResponseFirst': False, 'leftStreamFlip': False, 'rightStreamFlip': False, 'wordEccentricity': 5, 'bin': ['heat', 'chef', 'seat', 'bowl', 'wide', 'debt', 'rise', 'snow', 'moon', 'mess', 'bath', 'milk', 'fuel', 'hill', 'skin', 'duty', 'clue', 'wake', 'rule', 'kiss', 'note', 'fill', 'sick', 'bang', 'task', 'base', 'boss', 'plus', 'ride', 'mile', 'calm', 'hide', 'loss', 'neck', 'rare', 'feed', 'roof', 'pack', 'crew', 'wood', 'mail', 'lack', 'nose', 'trip', 'lift', 'rose', 'soft', 'hole', 'ship', 'tour', 'fund', 'lamb', 'blow', 'male'], 'hemifield': -1}
222.6570 	EXP 	Sound  set volume 0.800
222.6570 	EXP 	Sound  set volume 1.000
222.6570 	EXP 	Sound  set volume 0.800
229.8978 	EXP 	window1: recordFrameIntervals = False
232.2316 	DATA 	Keypress: x
233.3644 	DATA 	Keypress: return
233.7991 	DATA 	Keypress: w
234.3968 	DATA 	Keypress: return
234.9005 	EXP 	New trial (rep=0, index=3): {'cueSerialPos': 11, 'rightResponseFirst': False, 'leftStreamFlip': False, 'rightStreamFlip': False, 'wordEccentricity': 5, 'bin': ['boat', 'foot', 'site', 'jump', 'pair', 'ring', 'list', 'cake', 'sale', 'farm', 'post', 'send', 'dish', 'drop', 'self', 'role', 'kick', 'card', 'shut', 'pain', 'roll', 'band', 'fear', 'none', 'grow', 'date', 'dark', 'hall', 'deep', 'bird', 'hurt', 'flat', 'wine', 'cash', 'slow', 'rich', 'type', 'fell', 'pull', 'till', 'tree', 'sign', 'warm', 'goal', 'keen', 'sing', 'wear', 'push', 'bear', 'wild', 'glad', 'draw', 'rate', 'hang'], 'hemifield': 1}
235.0913 	EXP 	Sound  set volume 0.800
235.0913 	EXP 	Sound  set volume 1.000
235.0914 	EXP 	Sound  set volume 0.800
238.1140 	DATA 	Keypress: escape
242.3808 	EXP 	window1: recordFrameIntervals = False
242.7971 	DATA 	Keypress: escape
243.2139 	DATA 	Keypress: escape
243.2293 	INFO 	Experiment will have 192 trials. Letters will be drawn with superposed noise of 0.00%
243.2294 	INFO 	Experiment will have 192 trials. Letters will be drawn with superposed noise of 0.00%
243.2294 	INFO 	Finishing at 11:47 on 26 Apr 2019
243.2294 	ERROR 	user aborted experiment on keypress with trials done=0 of 193
243.4991 	EXP 	window1: mouseVisible = True
